::1 - - [11/Mar/2022:14:40:07 +0000] "GET / HTTP/1.1" 200 14469 "-" "Mozilla/5.0 (X11; Linux x86_64) AppleWebKit/537.36 (KHTML, like Gecko) Chrome/97.0.4692.71 Safari/537.36"
::1 - - [11/Mar/2022:14:40:10 +0000] "GET /favicon.ico HTTP/1.1" 200 400 "http://localhost:8000/" "Mozilla/5.0 (X11; Linux x86_64) AppleWebKit/537.36 (KHTML, like Gecko) Chrome/97.0.4692.71 Safari/537.36"
::1 - - [11/Mar/2022:14:41:43 +0000] "GET /users/login HTTP/1.1" 304 - "http://localhost:8000/" "Mozilla/5.0 (X11; Linux x86_64) AppleWebKit/537.36 (KHTML, like Gecko) Chrome/97.0.4692.71 Safari/537.36"
::1 - - [11/Mar/2022:14:41:43 +0000] "GET /favicon.ico HTTP/1.1" 304 - "http://localhost:8000/users/login" "Mozilla/5.0 (X11; Linux x86_64) AppleWebKit/537.36 (KHTML, like Gecko) Chrome/97.0.4692.71 Safari/537.36"
::1 - - [11/Mar/2022:14:41:45 +0000] "GET /favicon.ico HTTP/1.1" 304 - "http://localhost:8000/" "Mozilla/5.0 (X11; Linux x86_64) AppleWebKit/537.36 (KHTML, like Gecko) Chrome/97.0.4692.71 Safari/537.36"
::1 - - [11/Mar/2022:16:58:39 +0000] "GET / HTTP/1.1" 304 - "-" "Mozilla/5.0 (X11; Linux x86_64) AppleWebKit/537.36 (KHTML, like Gecko) Chrome/97.0.4692.71 Safari/537.36"
::1 - - [11/Mar/2022:16:58:39 +0000] "GET /css/post.css HTTP/1.1" 200 400 "http://localhost:8000/" "Mozilla/5.0 (X11; Linux x86_64) AppleWebKit/537.36 (KHTML, like Gecko) Chrome/97.0.4692.71 Safari/537.36"
::1 - - [11/Mar/2022:16:58:39 +0000] "GET /favicon.ico HTTP/1.1" 304 - "http://localhost:8000/" "Mozilla/5.0 (X11; Linux x86_64) AppleWebKit/537.36 (KHTML, like Gecko) Chrome/97.0.4692.71 Safari/537.36"
::1 - - [11/Mar/2022:16:58:52 +0000] "GET /users/login HTTP/1.1" 304 - "http://localhost:8000/" "Mozilla/5.0 (X11; Linux x86_64) AppleWebKit/537.36 (KHTML, like Gecko) Chrome/97.0.4692.71 Safari/537.36"
::1 - - [11/Mar/2022:16:58:52 +0000] "GET /css/login.css HTTP/1.1" 200 400 "http://localhost:8000/users/login" "Mozilla/5.0 (X11; Linux x86_64) AppleWebKit/537.36 (KHTML, like Gecko) Chrome/97.0.4692.71 Safari/537.36"
::1 - - [11/Mar/2022:16:58:53 +0000] "GET /favicon.ico HTTP/1.1" 304 - "http://localhost:8000/users/login" "Mozilla/5.0 (X11; Linux x86_64) AppleWebKit/537.36 (KHTML, like Gecko) Chrome/97.0.4692.71 Safari/537.36"
::1 - - [11/Mar/2022:16:58:54 +0000] "GET /favicon.ico HTTP/1.1" 304 - "http://localhost:8000/" "Mozilla/5.0 (X11; Linux x86_64) AppleWebKit/537.36 (KHTML, like Gecko) Chrome/97.0.4692.71 Safari/537.36"
::1 - - [11/Mar/2022:17:13:05 +0000] "GET / HTTP/1.1" 200 14480 "-" "Mozilla/5.0 (X11; Linux x86_64) AppleWebKit/537.36 (KHTML, like Gecko) Chrome/97.0.4692.71 Safari/537.36"
::1 - - [11/Mar/2022:17:13:05 +0000] "GET /images/authentication_background.jpg HTTP/1.1" 200 400 "http://localhost:8000/css/post-8f33aaed60.css" "Mozilla/5.0 (X11; Linux x86_64) AppleWebKit/537.36 (KHTML, like Gecko) Chrome/97.0.4692.71 Safari/537.36"
::1 - - [11/Mar/2022:17:13:05 +0000] "GET /favicon.ico HTTP/1.1" 304 - "http://localhost:8000/" "Mozilla/5.0 (X11; Linux x86_64) AppleWebKit/537.36 (KHTML, like Gecko) Chrome/97.0.4692.71 Safari/537.36"
::1 - - [11/Mar/2022:17:25:09 +0000] "GET / HTTP/1.1" 304 - "-" "Mozilla/5.0 (X11; Linux x86_64) AppleWebKit/537.36 (KHTML, like Gecko) Chrome/97.0.4692.71 Safari/537.36"
::1 - - [11/Mar/2022:17:25:09 +0000] "GET /images/authentication_background.jpg HTTP/1.1" 200 411 "http://localhost:8000/css/post-8f33aaed60.css" "Mozilla/5.0 (X11; Linux x86_64) AppleWebKit/537.36 (KHTML, like Gecko) Chrome/97.0.4692.71 Safari/537.36"
::1 - - [11/Mar/2022:17:25:09 +0000] "GET /favicon.ico HTTP/1.1" 200 411 "http://localhost:8000/" "Mozilla/5.0 (X11; Linux x86_64) AppleWebKit/537.36 (KHTML, like Gecko) Chrome/97.0.4692.71 Safari/537.36"
::1 - - [11/Mar/2022:17:25:10 +0000] "GET /users/login HTTP/1.1" 200 1867 "http://localhost:8000/" "Mozilla/5.0 (X11; Linux x86_64) AppleWebKit/537.36 (KHTML, like Gecko) Chrome/97.0.4692.71 Safari/537.36"
::1 - - [11/Mar/2022:17:25:10 +0000] "GET /images/authentication_background.jpg HTTP/1.1" 304 - "http://localhost:8000/css/login-90c9243351.css" "Mozilla/5.0 (X11; Linux x86_64) AppleWebKit/537.36 (KHTML, like Gecko) Chrome/97.0.4692.71 Safari/537.36"
::1 - - [11/Mar/2022:17:25:10 +0000] "GET /favicon.ico HTTP/1.1" 304 - "http://localhost:8000/users/login" "Mozilla/5.0 (X11; Linux x86_64) AppleWebKit/537.36 (KHTML, like Gecko) Chrome/97.0.4692.71 Safari/537.36"
::1 - - [11/Mar/2022:17:25:12 +0000] "GET /favicon.ico HTTP/1.1" 304 - "http://localhost:8000/" "Mozilla/5.0 (X11; Linux x86_64) AppleWebKit/537.36 (KHTML, like Gecko) Chrome/97.0.4692.71 Safari/537.36"
::1 - - [11/Mar/2022:17:25:13 +0000] "GET /users/signup HTTP/1.1" 200 1591 "http://localhost:8000/" "Mozilla/5.0 (X11; Linux x86_64) AppleWebKit/537.36 (KHTML, like Gecko) Chrome/97.0.4692.71 Safari/537.36"
::1 - - [11/Mar/2022:17:25:13 +0000] "GET /images/authentication_background.jpg HTTP/1.1" 304 - "http://localhost:8000/css/signup-8422c10826.css" "Mozilla/5.0 (X11; Linux x86_64) AppleWebKit/537.36 (KHTML, like Gecko) Chrome/97.0.4692.71 Safari/537.36"
::1 - - [11/Mar/2022:17:25:13 +0000] "GET /favicon.ico HTTP/1.1" 304 - "http://localhost:8000/users/signup" "Mozilla/5.0 (X11; Linux x86_64) AppleWebKit/537.36 (KHTML, like Gecko) Chrome/97.0.4692.71 Safari/537.36"
::1 - - [11/Mar/2022:17:25:14 +0000] "GET /favicon.ico HTTP/1.1" 304 - "http://localhost:8000/" "Mozilla/5.0 (X11; Linux x86_64) AppleWebKit/537.36 (KHTML, like Gecko) Chrome/97.0.4692.71 Safari/537.36"
::1 - - [11/Mar/2022:17:25:36 +0000] "GET /users/login HTTP/1.1" 304 - "http://localhost:8000/" "Mozilla/5.0 (X11; Linux x86_64) AppleWebKit/537.36 (KHTML, like Gecko) Chrome/97.0.4692.71 Safari/537.36"
::1 - - [11/Mar/2022:17:25:37 +0000] "GET /images/authentication_background.jpg HTTP/1.1" 304 - "http://localhost:8000/css/login-90c9243351.css" "Mozilla/5.0 (X11; Linux x86_64) AppleWebKit/537.36 (KHTML, like Gecko) Chrome/97.0.4692.71 Safari/537.36"
::1 - - [11/Mar/2022:17:25:37 +0000] "GET /favicon.ico HTTP/1.1" 304 - "http://localhost:8000/users/login" "Mozilla/5.0 (X11; Linux x86_64) AppleWebKit/537.36 (KHTML, like Gecko) Chrome/97.0.4692.71 Safari/537.36"
::1 - - [11/Mar/2022:17:25:38 +0000] "GET /users/signup HTTP/1.1" 304 - "http://localhost:8000/users/login" "Mozilla/5.0 (X11; Linux x86_64) AppleWebKit/537.36 (KHTML, like Gecko) Chrome/97.0.4692.71 Safari/537.36"
::1 - - [11/Mar/2022:17:25:38 +0000] "GET /images/authentication_background.jpg HTTP/1.1" 304 - "http://localhost:8000/css/signup-8422c10826.css" "Mozilla/5.0 (X11; Linux x86_64) AppleWebKit/537.36 (KHTML, like Gecko) Chrome/97.0.4692.71 Safari/537.36"
::1 - - [11/Mar/2022:17:25:38 +0000] "GET /favicon.ico HTTP/1.1" 304 - "http://localhost:8000/users/signup" "Mozilla/5.0 (X11; Linux x86_64) AppleWebKit/537.36 (KHTML, like Gecko) Chrome/97.0.4692.71 Safari/537.36"
::1 - - [11/Mar/2022:17:25:40 +0000] "GET /favicon.ico HTTP/1.1" 304 - "http://localhost:8000/users/login" "Mozilla/5.0 (X11; Linux x86_64) AppleWebKit/537.36 (KHTML, like Gecko) Chrome/97.0.4692.71 Safari/537.36"
::1 - - [11/Mar/2022:17:25:40 +0000] "GET /favicon.ico HTTP/1.1" 304 - "http://localhost:8000/" "Mozilla/5.0 (X11; Linux x86_64) AppleWebKit/537.36 (KHTML, like Gecko) Chrome/97.0.4692.71 Safari/537.36"
::1 - - [11/Mar/2022:17:27:49 +0000] "GET / HTTP/1.1" 200 14563 "-" "Mozilla/5.0 (X11; Linux x86_64) AppleWebKit/537.36 (KHTML, like Gecko) Chrome/97.0.4692.71 Safari/537.36"
::1 - - [11/Mar/2022:17:27:49 +0000] "GET /favicon.ico HTTP/1.1" 304 - "http://localhost:8000/" "Mozilla/5.0 (X11; Linux x86_64) AppleWebKit/537.36 (KHTML, like Gecko) Chrome/97.0.4692.71 Safari/537.36"
::1 - - [11/Mar/2022:17:29:09 +0000] "GET / HTTP/1.1" 304 - "-" "Mozilla/5.0 (X11; Linux x86_64) AppleWebKit/537.36 (KHTML, like Gecko) Chrome/97.0.4692.71 Safari/537.36"
::1 - - [11/Mar/2022:17:29:09 +0000] "GET /favicon.ico HTTP/1.1" 200 494 "http://localhost:8000/" "Mozilla/5.0 (X11; Linux x86_64) AppleWebKit/537.36 (KHTML, like Gecko) Chrome/97.0.4692.71 Safari/537.36"
::1 - - [11/Mar/2022:17:29:11 +0000] "GET /users/login HTTP/1.1" 200 1950 "http://localhost:8000/" "Mozilla/5.0 (X11; Linux x86_64) AppleWebKit/537.36 (KHTML, like Gecko) Chrome/97.0.4692.71 Safari/537.36"
::1 - - [11/Mar/2022:17:29:11 +0000] "GET /favicon.ico HTTP/1.1" 304 - "http://localhost:8000/users/login" "Mozilla/5.0 (X11; Linux x86_64) AppleWebKit/537.36 (KHTML, like Gecko) Chrome/97.0.4692.71 Safari/537.36"
::1 - - [11/Mar/2022:17:29:12 +0000] "GET /users/signup HTTP/1.1" 200 1674 "http://localhost:8000/users/login" "Mozilla/5.0 (X11; Linux x86_64) AppleWebKit/537.36 (KHTML, like Gecko) Chrome/97.0.4692.71 Safari/537.36"
::1 - - [11/Mar/2022:17:29:12 +0000] "GET /favicon.ico HTTP/1.1" 304 - "http://localhost:8000/users/signup" "Mozilla/5.0 (X11; Linux x86_64) AppleWebKit/537.36 (KHTML, like Gecko) Chrome/97.0.4692.71 Safari/537.36"
::1 - - [11/Mar/2022:17:29:14 +0000] "GET /favicon.ico HTTP/1.1" 304 - "http://localhost:8000/users/login" "Mozilla/5.0 (X11; Linux x86_64) AppleWebKit/537.36 (KHTML, like Gecko) Chrome/97.0.4692.71 Safari/537.36"
::1 - - [11/Mar/2022:17:29:15 +0000] "GET /favicon.ico HTTP/1.1" 304 - "http://localhost:8000/" "Mozilla/5.0 (X11; Linux x86_64) AppleWebKit/537.36 (KHTML, like Gecko) Chrome/97.0.4692.71 Safari/537.36"
::1 - - [11/Mar/2022:17:29:16 +0000] "GET /users/signup HTTP/1.1" 304 - "http://localhost:8000/" "Mozilla/5.0 (X11; Linux x86_64) AppleWebKit/537.36 (KHTML, like Gecko) Chrome/97.0.4692.71 Safari/537.36"
::1 - - [11/Mar/2022:17:29:16 +0000] "GET /favicon.ico HTTP/1.1" 304 - "http://localhost:8000/users/signup" "Mozilla/5.0 (X11; Linux x86_64) AppleWebKit/537.36 (KHTML, like Gecko) Chrome/97.0.4692.71 Safari/537.36"
::1 - - [11/Mar/2022:17:29:17 +0000] "GET /favicon.ico HTTP/1.1" 304 - "http://localhost:8000/" "Mozilla/5.0 (X11; Linux x86_64) AppleWebKit/537.36 (KHTML, like Gecko) Chrome/97.0.4692.71 Safari/537.36"
::1 - - [11/Mar/2022:17:29:19 +0000] "GET /users/login HTTP/1.1" 304 - "http://localhost:8000/" "Mozilla/5.0 (X11; Linux x86_64) AppleWebKit/537.36 (KHTML, like Gecko) Chrome/97.0.4692.71 Safari/537.36"
::1 - - [11/Mar/2022:17:29:19 +0000] "GET /favicon.ico HTTP/1.1" 304 - "http://localhost:8000/users/login" "Mozilla/5.0 (X11; Linux x86_64) AppleWebKit/537.36 (KHTML, like Gecko) Chrome/97.0.4692.71 Safari/537.36"
::1 - - [11/Mar/2022:17:29:21 +0000] "GET /users/reset-password HTTP/1.1" 200 1051 "http://localhost:8000/users/login" "Mozilla/5.0 (X11; Linux x86_64) AppleWebKit/537.36 (KHTML, like Gecko) Chrome/97.0.4692.71 Safari/537.36"
::1 - - [11/Mar/2022:17:29:21 +0000] "GET /favicon.ico HTTP/1.1" 304 - "http://localhost:8000/users/reset-password" "Mozilla/5.0 (X11; Linux x86_64) AppleWebKit/537.36 (KHTML, like Gecko) Chrome/97.0.4692.71 Safari/537.36"
::1 - - [11/Mar/2022:17:29:25 +0000] "POST /users/reset-password HTTP/1.1" 200 544 "http://localhost:8000/users/reset-password" "Mozilla/5.0 (X11; Linux x86_64) AppleWebKit/537.36 (KHTML, like Gecko) Chrome/97.0.4692.71 Safari/537.36"
::1 - - [11/Mar/2022:17:29:25 +0000] "GET /favicon.ico HTTP/1.1" 304 - "http://localhost:8000/users/reset-password" "Mozilla/5.0 (X11; Linux x86_64) AppleWebKit/537.36 (KHTML, like Gecko) Chrome/97.0.4692.71 Safari/537.36"
::1 - - [11/Mar/2022:17:29:27 +0000] "GET /users/reset-password HTTP/1.1" 200 1051 "http://localhost:8000/users/login" "Mozilla/5.0 (X11; Linux x86_64) AppleWebKit/537.36 (KHTML, like Gecko) Chrome/97.0.4692.71 Safari/537.36"
::1 - - [11/Mar/2022:17:29:27 +0000] "GET /favicon.ico HTTP/1.1" 304 - "http://localhost:8000/users/reset-password" "Mozilla/5.0 (X11; Linux x86_64) AppleWebKit/537.36 (KHTML, like Gecko) Chrome/97.0.4692.71 Safari/537.36"
::1 - - [11/Mar/2022:17:29:28 +0000] "GET /favicon.ico HTTP/1.1" 304 - "http://localhost:8000/users/login" "Mozilla/5.0 (X11; Linux x86_64) AppleWebKit/537.36 (KHTML, like Gecko) Chrome/97.0.4692.71 Safari/537.36"
::1 - - [11/Mar/2022:17:29:28 +0000] "GET /favicon.ico HTTP/1.1" 304 - "http://localhost:8000/" "Mozilla/5.0 (X11; Linux x86_64) AppleWebKit/537.36 (KHTML, like Gecko) Chrome/97.0.4692.71 Safari/537.36"
::1 - - [11/Mar/2022:17:29:31 +0000] "GET /users/login HTTP/1.1" 304 - "http://localhost:8000/" "Mozilla/5.0 (X11; Linux x86_64) AppleWebKit/537.36 (KHTML, like Gecko) Chrome/97.0.4692.71 Safari/537.36"
::1 - - [11/Mar/2022:17:29:31 +0000] "GET /favicon.ico HTTP/1.1" 304 - "http://localhost:8000/users/login" "Mozilla/5.0 (X11; Linux x86_64) AppleWebKit/537.36 (KHTML, like Gecko) Chrome/97.0.4692.71 Safari/537.36"
::1 - - [11/Mar/2022:17:29:35 +0000] "POST /users/create-session HTTP/1.1" 302 66 "http://localhost:8000/users/login" "Mozilla/5.0 (X11; Linux x86_64) AppleWebKit/537.36 (KHTML, like Gecko) Chrome/97.0.4692.71 Safari/537.36"
::1 - - [11/Mar/2022:17:29:36 +0000] "GET /users/feed HTTP/1.1" 200 7263 "http://localhost:8000/users/login" "Mozilla/5.0 (X11; Linux x86_64) AppleWebKit/537.36 (KHTML, like Gecko) Chrome/97.0.4692.71 Safari/537.36"
::1 - - [11/Mar/2022:17:29:36 +0000] "GET /js/toggle_likes.js HTTP/1.1" 200 494 "http://localhost:8000/users/feed" "Mozilla/5.0 (X11; Linux x86_64) AppleWebKit/537.36 (KHTML, like Gecko) Chrome/97.0.4692.71 Safari/537.36"
::1 - - [11/Mar/2022:17:29:36 +0000] "GET /js/edit_post.js HTTP/1.1" 200 494 "http://localhost:8000/users/feed" "Mozilla/5.0 (X11; Linux x86_64) AppleWebKit/537.36 (KHTML, like Gecko) Chrome/97.0.4692.71 Safari/537.36"
::1 - - [11/Mar/2022:17:29:36 +0000] "GET /js/edit_comment.js HTTP/1.1" 200 494 "http://localhost:8000/users/feed" "Mozilla/5.0 (X11; Linux x86_64) AppleWebKit/537.36 (KHTML, like Gecko) Chrome/97.0.4692.71 Safari/537.36"
::1 - - [11/Mar/2022:17:29:36 +0000] "GET /js/home_posts.js HTTP/1.1" 200 494 "http://localhost:8000/users/feed" "Mozilla/5.0 (X11; Linux x86_64) AppleWebKit/537.36 (KHTML, like Gecko) Chrome/97.0.4692.71 Safari/537.36"
::1 - - [11/Mar/2022:17:29:36 +0000] "GET /favicon.ico HTTP/1.1" 304 - "http://localhost:8000/users/feed" "Mozilla/5.0 (X11; Linux x86_64) AppleWebKit/537.36 (KHTML, like Gecko) Chrome/97.0.4692.71 Safari/537.36"
::1 - - [11/Mar/2022:17:29:41 +0000] "GET /users/profile/6229b705fc93632b82801d2c HTTP/1.1" 200 25592 "http://localhost:8000/users/feed" "Mozilla/5.0 (X11; Linux x86_64) AppleWebKit/537.36 (KHTML, like Gecko) Chrome/97.0.4692.71 Safari/537.36"
::1 - - [11/Mar/2022:17:29:41 +0000] "GET /js/home_posts.js HTTP/1.1" 304 - "http://localhost:8000/users/profile/6229b705fc93632b82801d2c" "Mozilla/5.0 (X11; Linux x86_64) AppleWebKit/537.36 (KHTML, like Gecko) Chrome/97.0.4692.71 Safari/537.36"
::1 - - [11/Mar/2022:17:29:41 +0000] "GET /js/edit_post.js HTTP/1.1" 304 - "http://localhost:8000/users/profile/6229b705fc93632b82801d2c" "Mozilla/5.0 (X11; Linux x86_64) AppleWebKit/537.36 (KHTML, like Gecko) Chrome/97.0.4692.71 Safari/537.36"
::1 - - [11/Mar/2022:17:29:41 +0000] "GET /js/toggle_likes.js HTTP/1.1" 304 - "http://localhost:8000/users/profile/6229b705fc93632b82801d2c" "Mozilla/5.0 (X11; Linux x86_64) AppleWebKit/537.36 (KHTML, like Gecko) Chrome/97.0.4692.71 Safari/537.36"
::1 - - [11/Mar/2022:17:29:41 +0000] "GET /js/edit_comment.js HTTP/1.1" 304 - "http://localhost:8000/users/profile/6229b705fc93632b82801d2c" "Mozilla/5.0 (X11; Linux x86_64) AppleWebKit/537.36 (KHTML, like Gecko) Chrome/97.0.4692.71 Safari/537.36"
::1 - - [11/Mar/2022:17:29:41 +0000] "GET /js/profile.js HTTP/1.1" 200 494 "http://localhost:8000/users/profile/6229b705fc93632b82801d2c" "Mozilla/5.0 (X11; Linux x86_64) AppleWebKit/537.36 (KHTML, like Gecko) Chrome/97.0.4692.71 Safari/537.36"
::1 - - [11/Mar/2022:17:29:41 +0000] "GET /favicon.ico HTTP/1.1" 304 - "http://localhost:8000/users/profile/6229b705fc93632b82801d2c" "Mozilla/5.0 (X11; Linux x86_64) AppleWebKit/537.36 (KHTML, like Gecko) Chrome/97.0.4692.71 Safari/537.36"
::1 - - [11/Mar/2022:17:29:42 +0000] "GET /users/posts HTTP/1.1" 200 24216 "http://localhost:8000/users/profile/6229b705fc93632b82801d2c" "Mozilla/5.0 (X11; Linux x86_64) AppleWebKit/537.36 (KHTML, like Gecko) Chrome/97.0.4692.71 Safari/537.36"
::1 - - [11/Mar/2022:17:29:42 +0000] "GET /js/home_posts.js HTTP/1.1" 304 - "http://localhost:8000/users/posts" "Mozilla/5.0 (X11; Linux x86_64) AppleWebKit/537.36 (KHTML, like Gecko) Chrome/97.0.4692.71 Safari/537.36"
::1 - - [11/Mar/2022:17:29:42 +0000] "GET /js/toggle_likes.js HTTP/1.1" 304 - "http://localhost:8000/users/posts" "Mozilla/5.0 (X11; Linux x86_64) AppleWebKit/537.36 (KHTML, like Gecko) Chrome/97.0.4692.71 Safari/537.36"
::1 - - [11/Mar/2022:17:29:42 +0000] "GET /js/edit_post.js HTTP/1.1" 304 - "http://localhost:8000/users/posts" "Mozilla/5.0 (X11; Linux x86_64) AppleWebKit/537.36 (KHTML, like Gecko) Chrome/97.0.4692.71 Safari/537.36"
::1 - - [11/Mar/2022:17:29:42 +0000] "GET /js/edit_comment.js HTTP/1.1" 304 - "http://localhost:8000/users/posts" "Mozilla/5.0 (X11; Linux x86_64) AppleWebKit/537.36 (KHTML, like Gecko) Chrome/97.0.4692.71 Safari/537.36"
::1 - - [11/Mar/2022:17:29:42 +0000] "GET /favicon.ico HTTP/1.1" 304 - "http://localhost:8000/users/posts" "Mozilla/5.0 (X11; Linux x86_64) AppleWebKit/537.36 (KHTML, like Gecko) Chrome/97.0.4692.71 Safari/537.36"
::1 - - [11/Mar/2022:17:29:44 +0000] "GET /users/friends/showFriends HTTP/1.1" 200 3828 "http://localhost:8000/users/posts" "Mozilla/5.0 (X11; Linux x86_64) AppleWebKit/537.36 (KHTML, like Gecko) Chrome/97.0.4692.71 Safari/537.36"
::1 - - [11/Mar/2022:17:29:44 +0000] "GET /js/remove_friend.js HTTP/1.1" 200 494 "http://localhost:8000/users/friends/showFriends" "Mozilla/5.0 (X11; Linux x86_64) AppleWebKit/537.36 (KHTML, like Gecko) Chrome/97.0.4692.71 Safari/537.36"
::1 - - [11/Mar/2022:17:29:44 +0000] "GET /favicon.ico HTTP/1.1" 304 - "http://localhost:8000/users/friends/showFriends" "Mozilla/5.0 (X11; Linux x86_64) AppleWebKit/537.36 (KHTML, like Gecko) Chrome/97.0.4692.71 Safari/537.36"
::1 - - [11/Mar/2022:17:29:45 +0000] "GET /users/friends/suggestions HTTP/1.1" 200 2912 "http://localhost:8000/users/friends/showFriends" "Mozilla/5.0 (X11; Linux x86_64) AppleWebKit/537.36 (KHTML, like Gecko) Chrome/97.0.4692.71 Safari/537.36"
::1 - - [11/Mar/2022:17:29:45 +0000] "GET /favicon.ico HTTP/1.1" 304 - "http://localhost:8000/users/friends/suggestions" "Mozilla/5.0 (X11; Linux x86_64) AppleWebKit/537.36 (KHTML, like Gecko) Chrome/97.0.4692.71 Safari/537.36"
::1 - - [11/Mar/2022:17:29:46 +0000] "GET /users/friends/requestsReceived HTTP/1.1" 200 2868 "http://localhost:8000/users/friends/suggestions" "Mozilla/5.0 (X11; Linux x86_64) AppleWebKit/537.36 (KHTML, like Gecko) Chrome/97.0.4692.71 Safari/537.36"
::1 - - [11/Mar/2022:17:29:47 +0000] "GET /js/requests_received.js HTTP/1.1" 200 494 "http://localhost:8000/users/friends/requestsReceived" "Mozilla/5.0 (X11; Linux x86_64) AppleWebKit/537.36 (KHTML, like Gecko) Chrome/97.0.4692.71 Safari/537.36"
::1 - - [11/Mar/2022:17:29:47 +0000] "GET /favicon.ico HTTP/1.1" 304 - "http://localhost:8000/users/friends/requestsReceived" "Mozilla/5.0 (X11; Linux x86_64) AppleWebKit/537.36 (KHTML, like Gecko) Chrome/97.0.4692.71 Safari/537.36"
::1 - - [11/Mar/2022:17:29:47 +0000] "GET /users/friends/requestsSent HTTP/1.1" 200 2863 "http://localhost:8000/users/friends/requestsReceived" "Mozilla/5.0 (X11; Linux x86_64) AppleWebKit/537.36 (KHTML, like Gecko) Chrome/97.0.4692.71 Safari/537.36"
::1 - - [11/Mar/2022:17:29:48 +0000] "GET /js/withdraw_request.js HTTP/1.1" 200 494 "http://localhost:8000/users/friends/requestsSent" "Mozilla/5.0 (X11; Linux x86_64) AppleWebKit/537.36 (KHTML, like Gecko) Chrome/97.0.4692.71 Safari/537.36"
::1 - - [11/Mar/2022:17:29:48 +0000] "GET /favicon.ico HTTP/1.1" 304 - "http://localhost:8000/users/friends/requestsSent" "Mozilla/5.0 (X11; Linux x86_64) AppleWebKit/537.36 (KHTML, like Gecko) Chrome/97.0.4692.71 Safari/537.36"
::1 - - [11/Mar/2022:17:29:49 +0000] "GET /users/feed HTTP/1.1" 200 7054 "http://localhost:8000/users/friends/requestsSent" "Mozilla/5.0 (X11; Linux x86_64) AppleWebKit/537.36 (KHTML, like Gecko) Chrome/97.0.4692.71 Safari/537.36"
::1 - - [11/Mar/2022:17:29:49 +0000] "GET /js/home_posts.js HTTP/1.1" 304 - "http://localhost:8000/users/feed" "Mozilla/5.0 (X11; Linux x86_64) AppleWebKit/537.36 (KHTML, like Gecko) Chrome/97.0.4692.71 Safari/537.36"
::1 - - [11/Mar/2022:17:29:49 +0000] "GET /js/toggle_likes.js HTTP/1.1" 304 - "http://localhost:8000/users/feed" "Mozilla/5.0 (X11; Linux x86_64) AppleWebKit/537.36 (KHTML, like Gecko) Chrome/97.0.4692.71 Safari/537.36"
::1 - - [11/Mar/2022:17:29:49 +0000] "GET /js/edit_post.js HTTP/1.1" 304 - "http://localhost:8000/users/feed" "Mozilla/5.0 (X11; Linux x86_64) AppleWebKit/537.36 (KHTML, like Gecko) Chrome/97.0.4692.71 Safari/537.36"
::1 - - [11/Mar/2022:17:29:49 +0000] "GET /js/edit_comment.js HTTP/1.1" 304 - "http://localhost:8000/users/feed" "Mozilla/5.0 (X11; Linux x86_64) AppleWebKit/537.36 (KHTML, like Gecko) Chrome/97.0.4692.71 Safari/537.36"
::1 - - [11/Mar/2022:17:29:49 +0000] "GET /favicon.ico HTTP/1.1" 304 - "http://localhost:8000/users/feed" "Mozilla/5.0 (X11; Linux x86_64) AppleWebKit/537.36 (KHTML, like Gecko) Chrome/97.0.4692.71 Safari/537.36"
::1 - - [11/Mar/2022:17:29:52 +0000] "GET /users/messages HTTP/1.1" 200 3918 "http://localhost:8000/users/feed" "Mozilla/5.0 (X11; Linux x86_64) AppleWebKit/537.36 (KHTML, like Gecko) Chrome/97.0.4692.71 Safari/537.36"
::1 - - [11/Mar/2022:17:29:52 +0000] "GET /favicon.ico HTTP/1.1" 304 - "http://localhost:8000/users/messages" "Mozilla/5.0 (X11; Linux x86_64) AppleWebKit/537.36 (KHTML, like Gecko) Chrome/97.0.4692.71 Safari/537.36"
::1 - - [11/Mar/2022:17:29:55 +0000] "GET /users/friends/sendMessage/6229b88dfc93632b82801eec HTTP/1.1" 200 16529 "http://localhost:8000/users/messages" "Mozilla/5.0 (X11; Linux x86_64) AppleWebKit/537.36 (KHTML, like Gecko) Chrome/97.0.4692.71 Safari/537.36"
::1 - - [11/Mar/2022:17:29:55 +0000] "GET /js/chat_engine.js HTTP/1.1" 200 494 "http://localhost:8000/users/friends/sendMessage/6229b88dfc93632b82801eec" "Mozilla/5.0 (X11; Linux x86_64) AppleWebKit/537.36 (KHTML, like Gecko) Chrome/97.0.4692.71 Safari/537.36"
::1 - - [11/Mar/2022:17:29:55 +0000] "GET /favicon.ico HTTP/1.1" 304 - "http://localhost:8000/users/friends/sendMessage/6229b88dfc93632b82801eec" "Mozilla/5.0 (X11; Linux x86_64) AppleWebKit/537.36 (KHTML, like Gecko) Chrome/97.0.4692.71 Safari/537.36"
::1 - - [11/Mar/2022:17:30:00 +0000] "GET /favicon.ico HTTP/1.1" 304 - "http://localhost:8000/users/messages" "Mozilla/5.0 (X11; Linux x86_64) AppleWebKit/537.36 (KHTML, like Gecko) Chrome/97.0.4692.71 Safari/537.36"
::1 - - [11/Mar/2022:17:30:01 +0000] "GET /users/profile/6229b705fc93632b82801d2c HTTP/1.1" 304 - "http://localhost:8000/users/messages" "Mozilla/5.0 (X11; Linux x86_64) AppleWebKit/537.36 (KHTML, like Gecko) Chrome/97.0.4692.71 Safari/537.36"
::1 - - [11/Mar/2022:17:30:01 +0000] "GET /js/profile.js HTTP/1.1" 304 - "http://localhost:8000/users/profile/6229b705fc93632b82801d2c" "Mozilla/5.0 (X11; Linux x86_64) AppleWebKit/537.36 (KHTML, like Gecko) Chrome/97.0.4692.71 Safari/537.36"
::1 - - [11/Mar/2022:17:30:01 +0000] "GET /js/home_posts.js HTTP/1.1" 304 - "http://localhost:8000/users/profile/6229b705fc93632b82801d2c" "Mozilla/5.0 (X11; Linux x86_64) AppleWebKit/537.36 (KHTML, like Gecko) Chrome/97.0.4692.71 Safari/537.36"
::1 - - [11/Mar/2022:17:30:01 +0000] "GET /js/edit_post.js HTTP/1.1" 304 - "http://localhost:8000/users/profile/6229b705fc93632b82801d2c" "Mozilla/5.0 (X11; Linux x86_64) AppleWebKit/537.36 (KHTML, like Gecko) Chrome/97.0.4692.71 Safari/537.36"
::1 - - [11/Mar/2022:17:30:01 +0000] "GET /js/toggle_likes.js HTTP/1.1" 304 - "http://localhost:8000/users/profile/6229b705fc93632b82801d2c" "Mozilla/5.0 (X11; Linux x86_64) AppleWebKit/537.36 (KHTML, like Gecko) Chrome/97.0.4692.71 Safari/537.36"
::1 - - [11/Mar/2022:17:30:01 +0000] "GET /js/edit_comment.js HTTP/1.1" 304 - "http://localhost:8000/users/profile/6229b705fc93632b82801d2c" "Mozilla/5.0 (X11; Linux x86_64) AppleWebKit/537.36 (KHTML, like Gecko) Chrome/97.0.4692.71 Safari/537.36"
::1 - - [11/Mar/2022:17:30:01 +0000] "GET /favicon.ico HTTP/1.1" 304 - "http://localhost:8000/users/profile/6229b705fc93632b82801d2c" "Mozilla/5.0 (X11; Linux x86_64) AppleWebKit/537.36 (KHTML, like Gecko) Chrome/97.0.4692.71 Safari/537.36"
::1 - - [11/Mar/2022:17:30:03 +0000] "GET /users/edit_profile/6229b705fc93632b82801d2c HTTP/1.1" 200 3480 "http://localhost:8000/users/profile/6229b705fc93632b82801d2c" "Mozilla/5.0 (X11; Linux x86_64) AppleWebKit/537.36 (KHTML, like Gecko) Chrome/97.0.4692.71 Safari/537.36"
::1 - - [11/Mar/2022:17:30:03 +0000] "GET /favicon.ico HTTP/1.1" 304 - "http://localhost:8000/users/edit_profile/6229b705fc93632b82801d2c" "Mozilla/5.0 (X11; Linux x86_64) AppleWebKit/537.36 (KHTML, like Gecko) Chrome/97.0.4692.71 Safari/537.36"
::1 - - [11/Mar/2022:17:30:04 +0000] "GET /favicon.ico HTTP/1.1" 304 - "http://localhost:8000/users/profile/6229b705fc93632b82801d2c" "Mozilla/5.0 (X11; Linux x86_64) AppleWebKit/537.36 (KHTML, like Gecko) Chrome/97.0.4692.71 Safari/537.36"
::1 - - [11/Mar/2022:17:30:05 +0000] "GET /users/friends/showFriends HTTP/1.1" 304 - "http://localhost:8000/users/profile/6229b705fc93632b82801d2c" "Mozilla/5.0 (X11; Linux x86_64) AppleWebKit/537.36 (KHTML, like Gecko) Chrome/97.0.4692.71 Safari/537.36"
::1 - - [11/Mar/2022:17:30:05 +0000] "GET /js/remove_friend.js HTTP/1.1" 304 - "http://localhost:8000/users/friends/showFriends" "Mozilla/5.0 (X11; Linux x86_64) AppleWebKit/537.36 (KHTML, like Gecko) Chrome/97.0.4692.71 Safari/537.36"
::1 - - [11/Mar/2022:17:30:05 +0000] "GET /favicon.ico HTTP/1.1" 304 - "http://localhost:8000/users/friends/showFriends" "Mozilla/5.0 (X11; Linux x86_64) AppleWebKit/537.36 (KHTML, like Gecko) Chrome/97.0.4692.71 Safari/537.36"
::1 - - [11/Mar/2022:17:30:07 +0000] "GET /users/profile/6229b88dfc93632b82801eec HTTP/1.1" 200 8763 "http://localhost:8000/users/friends/showFriends" "Mozilla/5.0 (X11; Linux x86_64) AppleWebKit/537.36 (KHTML, like Gecko) Chrome/97.0.4692.71 Safari/537.36"
::1 - - [11/Mar/2022:17:30:07 +0000] "GET /js/profile.js HTTP/1.1" 304 - "http://localhost:8000/users/profile/6229b88dfc93632b82801eec" "Mozilla/5.0 (X11; Linux x86_64) AppleWebKit/537.36 (KHTML, like Gecko) Chrome/97.0.4692.71 Safari/537.36"
::1 - - [11/Mar/2022:17:30:07 +0000] "GET /js/home_posts.js HTTP/1.1" 304 - "http://localhost:8000/users/profile/6229b88dfc93632b82801eec" "Mozilla/5.0 (X11; Linux x86_64) AppleWebKit/537.36 (KHTML, like Gecko) Chrome/97.0.4692.71 Safari/537.36"
::1 - - [11/Mar/2022:17:30:07 +0000] "GET /js/toggle_likes.js HTTP/1.1" 304 - "http://localhost:8000/users/profile/6229b88dfc93632b82801eec" "Mozilla/5.0 (X11; Linux x86_64) AppleWebKit/537.36 (KHTML, like Gecko) Chrome/97.0.4692.71 Safari/537.36"
::1 - - [11/Mar/2022:17:30:07 +0000] "GET /js/edit_post.js HTTP/1.1" 304 - "http://localhost:8000/users/profile/6229b88dfc93632b82801eec" "Mozilla/5.0 (X11; Linux x86_64) AppleWebKit/537.36 (KHTML, like Gecko) Chrome/97.0.4692.71 Safari/537.36"
::1 - - [11/Mar/2022:17:30:07 +0000] "GET /js/edit_comment.js HTTP/1.1" 304 - "http://localhost:8000/users/profile/6229b88dfc93632b82801eec" "Mozilla/5.0 (X11; Linux x86_64) AppleWebKit/537.36 (KHTML, like Gecko) Chrome/97.0.4692.71 Safari/537.36"
::1 - - [11/Mar/2022:17:30:07 +0000] "GET /favicon.ico HTTP/1.1" 304 - "http://localhost:8000/users/profile/6229b88dfc93632b82801eec" "Mozilla/5.0 (X11; Linux x86_64) AppleWebKit/537.36 (KHTML, like Gecko) Chrome/97.0.4692.71 Safari/537.36"
::1 - - [11/Mar/2022:17:30:08 +0000] "GET /users/friends/getFriends/6229b88dfc93632b82801eec HTTP/1.1" 200 565 "http://localhost:8000/users/profile/6229b88dfc93632b82801eec" "Mozilla/5.0 (X11; Linux x86_64) AppleWebKit/537.36 (KHTML, like Gecko) Chrome/97.0.4692.71 Safari/537.36"
::1 - - [11/Mar/2022:17:30:08 +0000] "GET /favicon.ico HTTP/1.1" 304 - "http://localhost:8000/users/friends/getFriends/6229b88dfc93632b82801eec" "Mozilla/5.0 (X11; Linux x86_64) AppleWebKit/537.36 (KHTML, like Gecko) Chrome/97.0.4692.71 Safari/537.36"
::1 - - [11/Mar/2022:17:30:11 +0000] "GET /favicon.ico HTTP/1.1" 304 - "http://localhost:8000/users/profile/6229b88dfc93632b82801eec" "Mozilla/5.0 (X11; Linux x86_64) AppleWebKit/537.36 (KHTML, like Gecko) Chrome/97.0.4692.71 Safari/537.36"
::1 - - [11/Mar/2022:17:30:12 +0000] "GET /users/profile/6229b88dfc93632b82801eec HTTP/1.1" 304 - "http://localhost:8000/users/friends/showFriends" "Mozilla/5.0 (X11; Linux x86_64) AppleWebKit/537.36 (KHTML, like Gecko) Chrome/97.0.4692.71 Safari/537.36"
::1 - - [11/Mar/2022:17:30:12 +0000] "GET /js/profile.js HTTP/1.1" 304 - "http://localhost:8000/users/profile/6229b88dfc93632b82801eec" "Mozilla/5.0 (X11; Linux x86_64) AppleWebKit/537.36 (KHTML, like Gecko) Chrome/97.0.4692.71 Safari/537.36"
::1 - - [11/Mar/2022:17:30:12 +0000] "GET /js/home_posts.js HTTP/1.1" 304 - "http://localhost:8000/users/profile/6229b88dfc93632b82801eec" "Mozilla/5.0 (X11; Linux x86_64) AppleWebKit/537.36 (KHTML, like Gecko) Chrome/97.0.4692.71 Safari/537.36"
::1 - - [11/Mar/2022:17:30:12 +0000] "GET /js/edit_post.js HTTP/1.1" 304 - "http://localhost:8000/users/profile/6229b88dfc93632b82801eec" "Mozilla/5.0 (X11; Linux x86_64) AppleWebKit/537.36 (KHTML, like Gecko) Chrome/97.0.4692.71 Safari/537.36"
::1 - - [11/Mar/2022:17:30:12 +0000] "GET /js/toggle_likes.js HTTP/1.1" 304 - "http://localhost:8000/users/profile/6229b88dfc93632b82801eec" "Mozilla/5.0 (X11; Linux x86_64) AppleWebKit/537.36 (KHTML, like Gecko) Chrome/97.0.4692.71 Safari/537.36"
::1 - - [11/Mar/2022:17:30:12 +0000] "GET /js/edit_comment.js HTTP/1.1" 304 - "http://localhost:8000/users/profile/6229b88dfc93632b82801eec" "Mozilla/5.0 (X11; Linux x86_64) AppleWebKit/537.36 (KHTML, like Gecko) Chrome/97.0.4692.71 Safari/537.36"
::1 - - [11/Mar/2022:17:30:12 +0000] "GET /favicon.ico HTTP/1.1" 304 - "http://localhost:8000/users/profile/6229b88dfc93632b82801eec" "Mozilla/5.0 (X11; Linux x86_64) AppleWebKit/537.36 (KHTML, like Gecko) Chrome/97.0.4692.71 Safari/537.36"
::1 - - [11/Mar/2022:17:32:41 +0000] "GET / HTTP/1.1" 302 66 "http://localhost:8000/users/profile/6229b88dfc93632b82801eec" "Mozilla/5.0 (X11; Linux x86_64) AppleWebKit/537.36 (KHTML, like Gecko) Chrome/97.0.4692.71 Safari/537.36"
::1 - - [11/Mar/2022:17:32:41 +0000] "GET /users/feed HTTP/1.1" 304 - "http://localhost:8000/users/profile/6229b88dfc93632b82801eec" "Mozilla/5.0 (X11; Linux x86_64) AppleWebKit/537.36 (KHTML, like Gecko) Chrome/97.0.4692.71 Safari/537.36"
::1 - - [11/Mar/2022:17:32:41 +0000] "GET /js/home_posts.js HTTP/1.1" 304 - "http://localhost:8000/users/feed" "Mozilla/5.0 (X11; Linux x86_64) AppleWebKit/537.36 (KHTML, like Gecko) Chrome/97.0.4692.71 Safari/537.36"
::1 - - [11/Mar/2022:17:32:41 +0000] "GET /js/toggle_likes.js HTTP/1.1" 304 - "http://localhost:8000/users/feed" "Mozilla/5.0 (X11; Linux x86_64) AppleWebKit/537.36 (KHTML, like Gecko) Chrome/97.0.4692.71 Safari/537.36"
::1 - - [11/Mar/2022:17:32:41 +0000] "GET /js/edit_post.js HTTP/1.1" 304 - "http://localhost:8000/users/feed" "Mozilla/5.0 (X11; Linux x86_64) AppleWebKit/537.36 (KHTML, like Gecko) Chrome/97.0.4692.71 Safari/537.36"
::1 - - [11/Mar/2022:17:32:41 +0000] "GET /js/edit_comment.js HTTP/1.1" 304 - "http://localhost:8000/users/feed" "Mozilla/5.0 (X11; Linux x86_64) AppleWebKit/537.36 (KHTML, like Gecko) Chrome/97.0.4692.71 Safari/537.36"
::1 - - [11/Mar/2022:17:32:41 +0000] "GET /favicon.ico HTTP/1.1" 304 - "http://localhost:8000/users/feed" "Mozilla/5.0 (X11; Linux x86_64) AppleWebKit/537.36 (KHTML, like Gecko) Chrome/97.0.4692.71 Safari/537.36"
::1 - - [11/Mar/2022:17:32:42 +0000] "GET /likes/toggle/?id=6229b8b7fc93632b82801f3e&type=Post HTTP/1.1" 200 494 "http://localhost:8000/users/feed" "Mozilla/5.0 (X11; Linux x86_64) AppleWebKit/537.36 (KHTML, like Gecko) Chrome/97.0.4692.71 Safari/537.36"
::1 - - [11/Mar/2022:17:32:43 +0000] "GET /favicon.ico HTTP/1.1" 304 - "http://localhost:8000/likes/toggle/?id=6229b8b7fc93632b82801f3e&type=Post" "Mozilla/5.0 (X11; Linux x86_64) AppleWebKit/537.36 (KHTML, like Gecko) Chrome/97.0.4692.71 Safari/537.36"
::1 - - [11/Mar/2022:17:32:44 +0000] "GET /favicon.ico HTTP/1.1" 304 - "http://localhost:8000/users/feed" "Mozilla/5.0 (X11; Linux x86_64) AppleWebKit/537.36 (KHTML, like Gecko) Chrome/97.0.4692.71 Safari/537.36"
::1 - - [11/Mar/2022:17:33:54 +0000] "GET /users/messages HTTP/1.1" 304 - "http://localhost:8000/users/feed" "Mozilla/5.0 (X11; Linux x86_64) AppleWebKit/537.36 (KHTML, like Gecko) Chrome/97.0.4692.71 Safari/537.36"
::1 - - [11/Mar/2022:17:33:54 +0000] "GET /favicon.ico HTTP/1.1" 304 - "http://localhost:8000/users/messages" "Mozilla/5.0 (X11; Linux x86_64) AppleWebKit/537.36 (KHTML, like Gecko) Chrome/97.0.4692.71 Safari/537.36"
::1 - - [11/Mar/2022:17:33:55 +0000] "GET /users/friends/sendMessage/6229b88dfc93632b82801eec HTTP/1.1" 200 16540 "http://localhost:8000/users/messages" "Mozilla/5.0 (X11; Linux x86_64) AppleWebKit/537.36 (KHTML, like Gecko) Chrome/97.0.4692.71 Safari/537.36"
::1 - - [11/Mar/2022:17:33:55 +0000] "GET /favicon.ico HTTP/1.1" 304 - "http://localhost:8000/users/friends/sendMessage/6229b88dfc93632b82801eec" "Mozilla/5.0 (X11; Linux x86_64) AppleWebKit/537.36 (KHTML, like Gecko) Chrome/97.0.4692.71 Safari/537.36"
::1 - - [11/Mar/2022:17:33:58 +0000] "GET /favicon.ico HTTP/1.1" 304 - "http://localhost:8000/users/messages" "Mozilla/5.0 (X11; Linux x86_64) AppleWebKit/537.36 (KHTML, like Gecko) Chrome/97.0.4692.71 Safari/537.36"
::1 - - [11/Mar/2022:17:35:44 +0000] "GET /users/feed HTTP/1.1" 200 7098 "http://localhost:8000/users/messages" "Mozilla/5.0 (X11; Linux x86_64) AppleWebKit/537.36 (KHTML, like Gecko) Chrome/97.0.4692.71 Safari/537.36"
::1 - - [11/Mar/2022:17:35:44 +0000] "GET /favicon.ico HTTP/1.1" 304 - "http://localhost:8000/users/feed" "Mozilla/5.0 (X11; Linux x86_64) AppleWebKit/537.36 (KHTML, like Gecko) Chrome/97.0.4692.71 Safari/537.36"
::1 - - [11/Mar/2022:17:35:46 +0000] "POST /likes/toggle/?id=6229b8b7fc93632b82801f3e&type=Post HTTP/1.1" 200 56 "http://localhost:8000/users/feed" "Mozilla/5.0 (X11; Linux x86_64) AppleWebKit/537.36 (KHTML, like Gecko) Chrome/97.0.4692.71 Safari/537.36"
::1 - - [11/Mar/2022:17:35:46 +0000] "POST /likes/toggle/?id=6229b8b7fc93632b82801f3e&type=Post HTTP/1.1" 200 57 "http://localhost:8000/users/feed" "Mozilla/5.0 (X11; Linux x86_64) AppleWebKit/537.36 (KHTML, like Gecko) Chrome/97.0.4692.71 Safari/537.36"
::1 - - [11/Mar/2022:17:35:50 +0000] "POST /comments/create HTTP/1.1" 200 1414 "http://localhost:8000/users/feed" "Mozilla/5.0 (X11; Linux x86_64) AppleWebKit/537.36 (KHTML, like Gecko) Chrome/97.0.4692.71 Safari/537.36"
::1 - - [11/Mar/2022:17:35:53 +0000] "POST /likes/toggle/?id=622b887635422252b97617d9&&type=Comment HTTP/1.1" 200 57 "http://localhost:8000/users/feed" "Mozilla/5.0 (X11; Linux x86_64) AppleWebKit/537.36 (KHTML, like Gecko) Chrome/97.0.4692.71 Safari/537.36"
::1 - - [11/Mar/2022:17:35:53 +0000] "POST /likes/toggle/?id=622b887635422252b97617d9&&type=Comment HTTP/1.1" 200 56 "http://localhost:8000/users/feed" "Mozilla/5.0 (X11; Linux x86_64) AppleWebKit/537.36 (KHTML, like Gecko) Chrome/97.0.4692.71 Safari/537.36"
::1 - - [11/Mar/2022:17:35:59 +0000] "GET /comments/save/?id=622b887635422252b97617d9&&content=%20%20%20%20%0A%20%20%20%20%20%20%20%20%20%20Hey%20Anurag%20!%20What%27s%20Up%20%3F%20%2C%2C%2C HTTP/1.1" 200 321 "http://localhost:8000/users/feed" "Mozilla/5.0 (X11; Linux x86_64) AppleWebKit/537.36 (KHTML, like Gecko) Chrome/97.0.4692.71 Safari/537.36"
::1 - - [11/Mar/2022:17:36:03 +0000] "GET /comments/save/?id=622b887635422252b97617d9&&content=%20%20%20%20%0A%20%20%20%20%20%20%20%20%20%20Hey%20Anurag%20!%20What%27s%20Up%20%3F%26nbsp%3B HTTP/1.1" 200 323 "http://localhost:8000/users/feed" "Mozilla/5.0 (X11; Linux x86_64) AppleWebKit/537.36 (KHTML, like Gecko) Chrome/97.0.4692.71 Safari/537.36"
::1 - - [11/Mar/2022:17:36:06 +0000] "GET /comments/destroy/622b887635422252b97617d9 HTTP/1.1" 200 78 "http://localhost:8000/users/feed" "Mozilla/5.0 (X11; Linux x86_64) AppleWebKit/537.36 (KHTML, like Gecko) Chrome/97.0.4692.71 Safari/537.36"
::1 - - [11/Mar/2022:17:36:09 +0000] "GET /users/feed HTTP/1.1" 304 - "http://localhost:8000/users/messages" "Mozilla/5.0 (X11; Linux x86_64) AppleWebKit/537.36 (KHTML, like Gecko) Chrome/97.0.4692.71 Safari/537.36"
::1 - - [11/Mar/2022:17:36:09 +0000] "GET /favicon.ico HTTP/1.1" 304 - "http://localhost:8000/users/feed" "Mozilla/5.0 (X11; Linux x86_64) AppleWebKit/537.36 (KHTML, like Gecko) Chrome/97.0.4692.71 Safari/537.36"
::1 - - [11/Mar/2022:17:36:13 +0000] "GET /users/profile/6229b88dfc93632b82801eec HTTP/1.1" 304 - "http://localhost:8000/users/feed" "Mozilla/5.0 (X11; Linux x86_64) AppleWebKit/537.36 (KHTML, like Gecko) Chrome/97.0.4692.71 Safari/537.36"
::1 - - [11/Mar/2022:17:36:13 +0000] "GET /js/profile.js HTTP/1.1" 304 - "http://localhost:8000/users/profile/6229b88dfc93632b82801eec" "Mozilla/5.0 (X11; Linux x86_64) AppleWebKit/537.36 (KHTML, like Gecko) Chrome/97.0.4692.71 Safari/537.36"
::1 - - [11/Mar/2022:17:36:13 +0000] "GET /js/home_posts.js HTTP/1.1" 304 - "http://localhost:8000/users/profile/6229b88dfc93632b82801eec" "Mozilla/5.0 (X11; Linux x86_64) AppleWebKit/537.36 (KHTML, like Gecko) Chrome/97.0.4692.71 Safari/537.36"
::1 - - [11/Mar/2022:17:36:13 +0000] "GET /js/toggle_likes.js HTTP/1.1" 304 - "http://localhost:8000/users/profile/6229b88dfc93632b82801eec" "Mozilla/5.0 (X11; Linux x86_64) AppleWebKit/537.36 (KHTML, like Gecko) Chrome/97.0.4692.71 Safari/537.36"
::1 - - [11/Mar/2022:17:36:13 +0000] "GET /js/edit_post.js HTTP/1.1" 304 - "http://localhost:8000/users/profile/6229b88dfc93632b82801eec" "Mozilla/5.0 (X11; Linux x86_64) AppleWebKit/537.36 (KHTML, like Gecko) Chrome/97.0.4692.71 Safari/537.36"
::1 - - [11/Mar/2022:17:36:13 +0000] "GET /js/edit_comment.js HTTP/1.1" 304 - "http://localhost:8000/users/profile/6229b88dfc93632b82801eec" "Mozilla/5.0 (X11; Linux x86_64) AppleWebKit/537.36 (KHTML, like Gecko) Chrome/97.0.4692.71 Safari/537.36"
::1 - - [11/Mar/2022:17:36:14 +0000] "GET /favicon.ico HTTP/1.1" 304 - "http://localhost:8000/users/profile/6229b88dfc93632b82801eec" "Mozilla/5.0 (X11; Linux x86_64) AppleWebKit/537.36 (KHTML, like Gecko) Chrome/97.0.4692.71 Safari/537.36"
::1 - - [11/Mar/2022:17:36:15 +0000] "GET /favicon.ico HTTP/1.1" 304 - "http://localhost:8000/users/feed" "Mozilla/5.0 (X11; Linux x86_64) AppleWebKit/537.36 (KHTML, like Gecko) Chrome/97.0.4692.71 Safari/537.36"
::1 - - [11/Mar/2022:17:43:02 +0000] "GET /users/feed HTTP/1.1" 304 - "http://localhost:8000/users/messages" "Mozilla/5.0 (X11; Linux x86_64) AppleWebKit/537.36 (KHTML, like Gecko) Chrome/97.0.4692.71 Safari/537.36"
::1 - - [11/Mar/2022:17:43:02 +0000] "GET /favicon.ico HTTP/1.1" 304 - "http://localhost:8000/users/feed" "Mozilla/5.0 (X11; Linux x86_64) AppleWebKit/537.36 (KHTML, like Gecko) Chrome/97.0.4692.71 Safari/537.36"
::1 - - [11/Mar/2022:17:43:10 +0000] "GET /users/profile/6229b705fc93632b82801d2c HTTP/1.1" 200 25647 "http://localhost:8000/users/feed" "Mozilla/5.0 (X11; Linux x86_64) AppleWebKit/537.36 (KHTML, like Gecko) Chrome/97.0.4692.71 Safari/537.36"
::1 - - [11/Mar/2022:17:43:10 +0000] "GET /favicon.ico HTTP/1.1" 304 - "http://localhost:8000/users/profile/6229b705fc93632b82801d2c" "Mozilla/5.0 (X11; Linux x86_64) AppleWebKit/537.36 (KHTML, like Gecko) Chrome/97.0.4692.71 Safari/537.36"
::1 - - [11/Mar/2022:17:43:13 +0000] "POST /likes/toggle/?id=6229b751fc93632b82801d47&type=Post HTTP/1.1" 200 56 "http://localhost:8000/users/profile/6229b705fc93632b82801d2c" "Mozilla/5.0 (X11; Linux x86_64) AppleWebKit/537.36 (KHTML, like Gecko) Chrome/97.0.4692.71 Safari/537.36"
::1 - - [11/Mar/2022:17:43:14 +0000] "POST /likes/toggle/?id=6229b751fc93632b82801d47&type=Post HTTP/1.1" 200 57 "http://localhost:8000/users/profile/6229b705fc93632b82801d2c" "Mozilla/5.0 (X11; Linux x86_64) AppleWebKit/537.36 (KHTML, like Gecko) Chrome/97.0.4692.71 Safari/537.36"
::1 - - [11/Mar/2022:17:43:15 +0000] "POST /likes/toggle/?id=6229b745fc93632b82801d3f&type=Post HTTP/1.1" 200 56 "http://localhost:8000/users/profile/6229b705fc93632b82801d2c" "Mozilla/5.0 (X11; Linux x86_64) AppleWebKit/537.36 (KHTML, like Gecko) Chrome/97.0.4692.71 Safari/537.36"
::1 - - [11/Mar/2022:17:43:16 +0000] "POST /likes/toggle/?id=6229b745fc93632b82801d3f&type=Post HTTP/1.1" 200 57 "http://localhost:8000/users/profile/6229b705fc93632b82801d2c" "Mozilla/5.0 (X11; Linux x86_64) AppleWebKit/537.36 (KHTML, like Gecko) Chrome/97.0.4692.71 Safari/537.36"
::1 - - [11/Mar/2022:17:43:19 +0000] "POST /likes/toggle/?id=6229b760fc93632b82801d5e&type=Comment HTTP/1.1" 200 56 "http://localhost:8000/users/profile/6229b705fc93632b82801d2c" "Mozilla/5.0 (X11; Linux x86_64) AppleWebKit/537.36 (KHTML, like Gecko) Chrome/97.0.4692.71 Safari/537.36"
::1 - - [11/Mar/2022:17:43:21 +0000] "POST /likes/toggle/?id=6229b760fc93632b82801d5e&type=Comment HTTP/1.1" 200 57 "http://localhost:8000/users/profile/6229b705fc93632b82801d2c" "Mozilla/5.0 (X11; Linux x86_64) AppleWebKit/537.36 (KHTML, like Gecko) Chrome/97.0.4692.71 Safari/537.36"
::1 - - [11/Mar/2022:17:43:27 +0000] "GET /comments/save/?id=6229b760fc93632b82801d5e&&content=%20%20%20%20%0A%20%20%20%20%20%20%20%20%20%20%20%20%20%20%20%20%20%20%20%20%20%20%20%20%20%20%20%20%20%20%20%20%20%20%20%20%20%20%20%20%20%20%20%20%20%20%20%20%20%20%20%20%20%20%20%20%20%20%20%20%3C!--%20Convert%20string%20to%20html%20--%3E%0A%20%20%20%20%20%20%20%20%20%20%20%20%20%20%20%20%20%20%20%20%20%20%20%20%20%20%20%20%20%20%20%20%20%20%20%20%20%20%20%20%20%20%20%20%20%20%20%20%20%20%20%20%20%20%20%20%20%20%20%20%20%20%20%20%0A%20%20%20%20%20%20%20%20%20%20First%20Comment.. HTTP/1.1" 200 493 "http://localhost:8000/users/profile/6229b705fc93632b82801d2c" "Mozilla/5.0 (X11; Linux x86_64) AppleWebKit/537.36 (KHTML, like Gecko) Chrome/97.0.4692.71 Safari/537.36"
::1 - - [11/Mar/2022:17:43:32 +0000] "GET /comments/save/?id=6229b760fc93632b82801d5e&&content=%20%20%20%20%0A%20%20%20%20%20%20%20%20%20%20%20%20%20%20%20%20%20%20%20%20%20%20%20%20%20%20%20%20%20%20%20%20%20%20%20%20%20%20%20%20%20%20%20%20%20%20%20%20%20%20%20%20%20%20%20%20%20%20%20%20%3C!--%20Convert%20string%20to%20html%20--%3E%0A%20%20%20%20%20%20%20%20%20%20%20%20%20%20%20%20%20%20%20%20%20%20%20%20%20%20%20%20%20%20%20%20%20%20%20%20%20%20%20%20%20%20%20%20%20%20%20%20%20%20%20%20%20%20%20%20%20%20%20%20%20%20%20%20%0A%20%20%20%20%20%20%20%20%20%20First%20Comment. HTTP/1.1" 200 492 "http://localhost:8000/users/profile/6229b705fc93632b82801d2c" "Mozilla/5.0 (X11; Linux x86_64) AppleWebKit/537.36 (KHTML, like Gecko) Chrome/97.0.4692.71 Safari/537.36"
::1 - - [11/Mar/2022:17:43:35 +0000] "POST /comments/create HTTP/1.1" 200 1519 "http://localhost:8000/users/profile/6229b705fc93632b82801d2c" "Mozilla/5.0 (X11; Linux x86_64) AppleWebKit/537.36 (KHTML, like Gecko) Chrome/97.0.4692.71 Safari/537.36"
::1 - - [11/Mar/2022:17:43:38 +0000] "GET /comments/destroy/622b8a4735422252b9761858 HTTP/1.1" 200 78 "http://localhost:8000/users/profile/6229b705fc93632b82801d2c" "Mozilla/5.0 (X11; Linux x86_64) AppleWebKit/537.36 (KHTML, like Gecko) Chrome/97.0.4692.71 Safari/537.36"
::1 - - [11/Mar/2022:17:43:44 +0000] "GET /users/feed HTTP/1.1" 304 - "http://localhost:8000/users/profile/6229b705fc93632b82801d2c" "Mozilla/5.0 (X11; Linux x86_64) AppleWebKit/537.36 (KHTML, like Gecko) Chrome/97.0.4692.71 Safari/537.36"
::1 - - [11/Mar/2022:17:43:44 +0000] "GET /favicon.ico HTTP/1.1" 304 - "http://localhost:8000/users/feed" "Mozilla/5.0 (X11; Linux x86_64) AppleWebKit/537.36 (KHTML, like Gecko) Chrome/97.0.4692.71 Safari/537.36"
::1 - - [11/Mar/2022:17:43:45 +0000] "GET /users/profile/6229b705fc93632b82801d2c HTTP/1.1" 200 25804 "http://localhost:8000/users/feed" "Mozilla/5.0 (X11; Linux x86_64) AppleWebKit/537.36 (KHTML, like Gecko) Chrome/97.0.4692.71 Safari/537.36"
::1 - - [11/Mar/2022:17:43:45 +0000] "GET /favicon.ico HTTP/1.1" 304 - "http://localhost:8000/users/profile/6229b705fc93632b82801d2c" "Mozilla/5.0 (X11; Linux x86_64) AppleWebKit/537.36 (KHTML, like Gecko) Chrome/97.0.4692.71 Safari/537.36"
::1 - - [11/Mar/2022:17:43:49 +0000] "GET /users/edit_profile/6229b705fc93632b82801d2c HTTP/1.1" 304 - "http://localhost:8000/users/profile/6229b705fc93632b82801d2c" "Mozilla/5.0 (X11; Linux x86_64) AppleWebKit/537.36 (KHTML, like Gecko) Chrome/97.0.4692.71 Safari/537.36"
::1 - - [11/Mar/2022:17:43:49 +0000] "GET /favicon.ico HTTP/1.1" 304 - "http://localhost:8000/users/edit_profile/6229b705fc93632b82801d2c" "Mozilla/5.0 (X11; Linux x86_64) AppleWebKit/537.36 (KHTML, like Gecko) Chrome/97.0.4692.71 Safari/537.36"
::1 - - [11/Mar/2022:17:43:50 +0000] "GET /favicon.ico HTTP/1.1" 304 - "http://localhost:8000/users/profile/6229b705fc93632b82801d2c" "Mozilla/5.0 (X11; Linux x86_64) AppleWebKit/537.36 (KHTML, like Gecko) Chrome/97.0.4692.71 Safari/537.36"
::1 - - [11/Mar/2022:17:43:52 +0000] "GET /users/posts HTTP/1.1" 200 24417 "http://localhost:8000/users/profile/6229b705fc93632b82801d2c" "Mozilla/5.0 (X11; Linux x86_64) AppleWebKit/537.36 (KHTML, like Gecko) Chrome/97.0.4692.71 Safari/537.36"
::1 - - [11/Mar/2022:17:43:52 +0000] "GET /favicon.ico HTTP/1.1" 304 - "http://localhost:8000/users/posts" "Mozilla/5.0 (X11; Linux x86_64) AppleWebKit/537.36 (KHTML, like Gecko) Chrome/97.0.4692.71 Safari/537.36"
::1 - - [11/Mar/2022:17:43:57 +0000] "GET /users/friends/showFriends HTTP/1.1" 200 3839 "http://localhost:8000/users/posts" "Mozilla/5.0 (X11; Linux x86_64) AppleWebKit/537.36 (KHTML, like Gecko) Chrome/97.0.4692.71 Safari/537.36"
::1 - - [11/Mar/2022:17:43:57 +0000] "GET /favicon.ico HTTP/1.1" 304 - "http://localhost:8000/users/friends/showFriends" "Mozilla/5.0 (X11; Linux x86_64) AppleWebKit/537.36 (KHTML, like Gecko) Chrome/97.0.4692.71 Safari/537.36"
::1 - - [11/Mar/2022:17:43:58 +0000] "GET /users/friends/suggestions HTTP/1.1" 304 - "http://localhost:8000/users/friends/showFriends" "Mozilla/5.0 (X11; Linux x86_64) AppleWebKit/537.36 (KHTML, like Gecko) Chrome/97.0.4692.71 Safari/537.36"
::1 - - [11/Mar/2022:17:43:59 +0000] "GET /favicon.ico HTTP/1.1" 304 - "http://localhost:8000/users/friends/suggestions" "Mozilla/5.0 (X11; Linux x86_64) AppleWebKit/537.36 (KHTML, like Gecko) Chrome/97.0.4692.71 Safari/537.36"
::1 - - [11/Mar/2022:17:44:00 +0000] "GET /users/feed HTTP/1.1" 304 - "http://localhost:8000/users/friends/suggestions" "Mozilla/5.0 (X11; Linux x86_64) AppleWebKit/537.36 (KHTML, like Gecko) Chrome/97.0.4692.71 Safari/537.36"
::1 - - [11/Mar/2022:17:44:00 +0000] "GET /favicon.ico HTTP/1.1" 304 - "http://localhost:8000/users/feed" "Mozilla/5.0 (X11; Linux x86_64) AppleWebKit/537.36 (KHTML, like Gecko) Chrome/97.0.4692.71 Safari/537.36"
::1 - - [11/Mar/2022:17:44:01 +0000] "GET /users/messages HTTP/1.1" 304 - "http://localhost:8000/users/feed" "Mozilla/5.0 (X11; Linux x86_64) AppleWebKit/537.36 (KHTML, like Gecko) Chrome/97.0.4692.71 Safari/537.36"
::1 - - [11/Mar/2022:17:44:01 +0000] "GET /favicon.ico HTTP/1.1" 304 - "http://localhost:8000/users/messages" "Mozilla/5.0 (X11; Linux x86_64) AppleWebKit/537.36 (KHTML, like Gecko) Chrome/97.0.4692.71 Safari/537.36"
::1 - - [11/Mar/2022:17:44:04 +0000] "GET /users/friends/sendMessage/6229b88dfc93632b82801eec HTTP/1.1" 304 - "http://localhost:8000/users/messages" "Mozilla/5.0 (X11; Linux x86_64) AppleWebKit/537.36 (KHTML, like Gecko) Chrome/97.0.4692.71 Safari/537.36"
::1 - - [11/Mar/2022:17:44:04 +0000] "GET /favicon.ico HTTP/1.1" 304 - "http://localhost:8000/users/friends/sendMessage/6229b88dfc93632b82801eec" "Mozilla/5.0 (X11; Linux x86_64) AppleWebKit/537.36 (KHTML, like Gecko) Chrome/97.0.4692.71 Safari/537.36"
::1 - - [11/Mar/2022:17:44:06 +0000] "GET /favicon.ico HTTP/1.1" 304 - "http://localhost:8000/users/messages" "Mozilla/5.0 (X11; Linux x86_64) AppleWebKit/537.36 (KHTML, like Gecko) Chrome/97.0.4692.71 Safari/537.36"
::1 - - [11/Mar/2022:17:44:07 +0000] "GET /users/posts HTTP/1.1" 304 - "http://localhost:8000/users/messages" "Mozilla/5.0 (X11; Linux x86_64) AppleWebKit/537.36 (KHTML, like Gecko) Chrome/97.0.4692.71 Safari/537.36"
::1 - - [11/Mar/2022:17:44:07 +0000] "GET /favicon.ico HTTP/1.1" 304 - "http://localhost:8000/users/posts" "Mozilla/5.0 (X11; Linux x86_64) AppleWebKit/537.36 (KHTML, like Gecko) Chrome/97.0.4692.71 Safari/537.36"
::1 - - [11/Mar/2022:17:44:10 +0000] "POST /likes/toggle/?id=6229b751fc93632b82801d47&type=Post HTTP/1.1" 200 56 "http://localhost:8000/users/posts" "Mozilla/5.0 (X11; Linux x86_64) AppleWebKit/537.36 (KHTML, like Gecko) Chrome/97.0.4692.71 Safari/537.36"
::1 - - [11/Mar/2022:17:44:10 +0000] "POST /likes/toggle/?id=6229b751fc93632b82801d47&type=Post HTTP/1.1" 200 57 "http://localhost:8000/users/posts" "Mozilla/5.0 (X11; Linux x86_64) AppleWebKit/537.36 (KHTML, like Gecko) Chrome/97.0.4692.71 Safari/537.36"
::1 - - [11/Mar/2022:17:44:15 +0000] "POST /comments/create HTTP/1.1" 200 1558 "http://localhost:8000/users/posts" "Mozilla/5.0 (X11; Linux x86_64) AppleWebKit/537.36 (KHTML, like Gecko) Chrome/97.0.4692.71 Safari/537.36"
::1 - - [11/Mar/2022:17:44:17 +0000] "POST /likes/toggle/?id=622b8a6f35422252b97618bd&&type=Comment HTTP/1.1" 200 57 "http://localhost:8000/users/posts" "Mozilla/5.0 (X11; Linux x86_64) AppleWebKit/537.36 (KHTML, like Gecko) Chrome/97.0.4692.71 Safari/537.36"
::1 - - [11/Mar/2022:17:44:19 +0000] "POST /likes/toggle/?id=622b8a6f35422252b97618bd&&type=Comment HTTP/1.1" 200 56 "http://localhost:8000/users/posts" "Mozilla/5.0 (X11; Linux x86_64) AppleWebKit/537.36 (KHTML, like Gecko) Chrome/97.0.4692.71 Safari/537.36"
::1 - - [11/Mar/2022:17:44:23 +0000] "GET /comments/save/?id=622b8a6f35422252b97618bd&&content=%20%20%20%20%0A%20%20%20%20%20%20%20%20%20%20Hey%20Anurag%20!%20What%27s%20Up%20%3F%20. HTTP/1.1" 200 319 "http://localhost:8000/users/posts" "Mozilla/5.0 (X11; Linux x86_64) AppleWebKit/537.36 (KHTML, like Gecko) Chrome/97.0.4692.71 Safari/537.36"
::1 - - [11/Mar/2022:17:44:25 +0000] "GET /comments/destroy/622b8a6f35422252b97618bd HTTP/1.1" 200 78 "http://localhost:8000/users/posts" "Mozilla/5.0 (X11; Linux x86_64) AppleWebKit/537.36 (KHTML, like Gecko) Chrome/97.0.4692.71 Safari/537.36"
::1 - - [11/Mar/2022:17:44:31 +0000] "POST /posts/create HTTP/1.1" 200 836 "http://localhost:8000/users/posts" "Mozilla/5.0 (X11; Linux x86_64) AppleWebKit/537.36 (KHTML, like Gecko) Chrome/97.0.4692.71 Safari/537.36"
::1 - - [11/Mar/2022:17:44:33 +0000] "POST /likes/toggle/?id=622b8a7f35422252b97618d8&&type=Post HTTP/1.1" 200 57 "http://localhost:8000/users/posts" "Mozilla/5.0 (X11; Linux x86_64) AppleWebKit/537.36 (KHTML, like Gecko) Chrome/97.0.4692.71 Safari/537.36"
::1 - - [11/Mar/2022:17:44:36 +0000] "POST /comments/create HTTP/1.1" 200 1391 "http://localhost:8000/users/posts" "Mozilla/5.0 (X11; Linux x86_64) AppleWebKit/537.36 (KHTML, like Gecko) Chrome/97.0.4692.71 Safari/537.36"
::1 - - [11/Mar/2022:17:44:37 +0000] "POST /likes/toggle/?id=622b8a8435422252b97618e7&&type=Comment HTTP/1.1" 200 57 "http://localhost:8000/users/posts" "Mozilla/5.0 (X11; Linux x86_64) AppleWebKit/537.36 (KHTML, like Gecko) Chrome/97.0.4692.71 Safari/537.36"
::1 - - [11/Mar/2022:17:44:41 +0000] "GET /comments/save/?id=622b8a8435422252b97618e7&&content=%20%20%20%20%0A%20%20%20%20%20%20%20%20%20%20c3 HTTP/1.1" 200 321 "http://localhost:8000/users/posts" "Mozilla/5.0 (X11; Linux x86_64) AppleWebKit/537.36 (KHTML, like Gecko) Chrome/97.0.4692.71 Safari/537.36"
::1 - - [11/Mar/2022:17:44:43 +0000] "GET /comments/destroy/622b8a8435422252b97618e7 HTTP/1.1" 200 78 "http://localhost:8000/users/posts" "Mozilla/5.0 (X11; Linux x86_64) AppleWebKit/537.36 (KHTML, like Gecko) Chrome/97.0.4692.71 Safari/537.36"
::1 - - [11/Mar/2022:17:44:48 +0000] "GET /posts/save/?id=622b8a7f35422252b97618d8&&content=%0A%20%20%20%20%20%20%20%20%20%20%20%20%20%20%20%20QWERTY. HTTP/1.1" 200 302 "http://localhost:8000/users/posts" "Mozilla/5.0 (X11; Linux x86_64) AppleWebKit/537.36 (KHTML, like Gecko) Chrome/97.0.4692.71 Safari/537.36"
::1 - - [11/Mar/2022:17:44:50 +0000] "GET /posts/destroy/622b8a7f35422252b97618d8 HTTP/1.1" 200 72 "http://localhost:8000/users/posts" "Mozilla/5.0 (X11; Linux x86_64) AppleWebKit/537.36 (KHTML, like Gecko) Chrome/97.0.4692.71 Safari/537.36"
::1 - - [11/Mar/2022:17:44:55 +0000] "GET /users/posts HTTP/1.1" 304 - "http://localhost:8000/users/messages" "Mozilla/5.0 (X11; Linux x86_64) AppleWebKit/537.36 (KHTML, like Gecko) Chrome/97.0.4692.71 Safari/537.36"
::1 - - [11/Mar/2022:17:44:55 +0000] "GET /favicon.ico HTTP/1.1" 304 - "http://localhost:8000/users/posts" "Mozilla/5.0 (X11; Linux x86_64) AppleWebKit/537.36 (KHTML, like Gecko) Chrome/97.0.4692.71 Safari/537.36"
::1 - - [11/Mar/2022:17:44:58 +0000] "GET /users/friends/showFriends HTTP/1.1" 304 - "http://localhost:8000/users/posts" "Mozilla/5.0 (X11; Linux x86_64) AppleWebKit/537.36 (KHTML, like Gecko) Chrome/97.0.4692.71 Safari/537.36"
::1 - - [11/Mar/2022:17:44:58 +0000] "GET /favicon.ico HTTP/1.1" 304 - "http://localhost:8000/users/friends/showFriends" "Mozilla/5.0 (X11; Linux x86_64) AppleWebKit/537.36 (KHTML, like Gecko) Chrome/97.0.4692.71 Safari/537.36"
::1 - - [11/Mar/2022:17:45:00 +0000] "GET /users/profile/6229b88dfc93632b82801eec HTTP/1.1" 200 8818 "http://localhost:8000/users/friends/showFriends" "Mozilla/5.0 (X11; Linux x86_64) AppleWebKit/537.36 (KHTML, like Gecko) Chrome/97.0.4692.71 Safari/537.36"
::1 - - [11/Mar/2022:17:45:00 +0000] "GET /favicon.ico HTTP/1.1" 304 - "http://localhost:8000/users/profile/6229b88dfc93632b82801eec" "Mozilla/5.0 (X11; Linux x86_64) AppleWebKit/537.36 (KHTML, like Gecko) Chrome/97.0.4692.71 Safari/537.36"
::1 - - [11/Mar/2022:17:45:01 +0000] "GET /users/friends/getFriends/6229b88dfc93632b82801eec HTTP/1.1" 200 565 "http://localhost:8000/users/profile/6229b88dfc93632b82801eec" "Mozilla/5.0 (X11; Linux x86_64) AppleWebKit/537.36 (KHTML, like Gecko) Chrome/97.0.4692.71 Safari/537.36"
::1 - - [11/Mar/2022:17:45:03 +0000] "GET /users/friends/acceptRequest/6229b88dfc93632b82801eec HTTP/1.1" 302 82 "http://localhost:8000/users/profile/6229b88dfc93632b82801eec" "Mozilla/5.0 (X11; Linux x86_64) AppleWebKit/537.36 (KHTML, like Gecko) Chrome/97.0.4692.71 Safari/537.36"
::1 - - [11/Mar/2022:17:45:03 +0000] "GET /users/profile/6229b88dfc93632b82801eec HTTP/1.1" 200 9030 "http://localhost:8000/users/profile/6229b88dfc93632b82801eec" "Mozilla/5.0 (X11; Linux x86_64) AppleWebKit/537.36 (KHTML, like Gecko) Chrome/97.0.4692.71 Safari/537.36"
::1 - - [11/Mar/2022:17:45:03 +0000] "GET /users/friends/getFriends/6229b88dfc93632b82801eec HTTP/1.1" 304 - "http://localhost:8000/users/profile/6229b88dfc93632b82801eec" "Mozilla/5.0 (X11; Linux x86_64) AppleWebKit/537.36 (KHTML, like Gecko) Chrome/97.0.4692.71 Safari/537.36"
::1 - - [11/Mar/2022:17:45:04 +0000] "GET /users/friends/acceptRequest/6229b88dfc93632b82801eec HTTP/1.1" 302 82 "http://localhost:8000/users/profile/6229b88dfc93632b82801eec" "Mozilla/5.0 (X11; Linux x86_64) AppleWebKit/537.36 (KHTML, like Gecko) Chrome/97.0.4692.71 Safari/537.36"
::1 - - [11/Mar/2022:17:45:04 +0000] "GET /users/profile/6229b88dfc93632b82801eec HTTP/1.1" 304 - "http://localhost:8000/users/profile/6229b88dfc93632b82801eec" "Mozilla/5.0 (X11; Linux x86_64) AppleWebKit/537.36 (KHTML, like Gecko) Chrome/97.0.4692.71 Safari/537.36"
::1 - - [11/Mar/2022:17:45:05 +0000] "GET /users/friends/getFriends/6229b88dfc93632b82801eec HTTP/1.1" 304 - "http://localhost:8000/users/profile/6229b88dfc93632b82801eec" "Mozilla/5.0 (X11; Linux x86_64) AppleWebKit/537.36 (KHTML, like Gecko) Chrome/97.0.4692.71 Safari/537.36"
::1 - - [11/Mar/2022:17:45:05 +0000] "GET /users/friends/acceptRequest/6229b88dfc93632b82801eec HTTP/1.1" 302 82 "http://localhost:8000/users/profile/6229b88dfc93632b82801eec" "Mozilla/5.0 (X11; Linux x86_64) AppleWebKit/537.36 (KHTML, like Gecko) Chrome/97.0.4692.71 Safari/537.36"
::1 - - [11/Mar/2022:17:45:05 +0000] "GET /users/profile/6229b88dfc93632b82801eec HTTP/1.1" 304 - "http://localhost:8000/users/profile/6229b88dfc93632b82801eec" "Mozilla/5.0 (X11; Linux x86_64) AppleWebKit/537.36 (KHTML, like Gecko) Chrome/97.0.4692.71 Safari/537.36"
::1 - - [11/Mar/2022:17:45:07 +0000] "GET /users/profile/6229b705fc93632b82801d2c HTTP/1.1" 304 - "http://localhost:8000/users/profile/6229b88dfc93632b82801eec" "Mozilla/5.0 (X11; Linux x86_64) AppleWebKit/537.36 (KHTML, like Gecko) Chrome/97.0.4692.71 Safari/537.36"
::1 - - [11/Mar/2022:17:45:07 +0000] "GET /favicon.ico HTTP/1.1" 304 - "http://localhost:8000/users/profile/6229b705fc93632b82801d2c" "Mozilla/5.0 (X11; Linux x86_64) AppleWebKit/537.36 (KHTML, like Gecko) Chrome/97.0.4692.71 Safari/537.36"
::1 - - [11/Mar/2022:17:45:09 +0000] "GET /users/friends/showFriends HTTP/1.1" 304 - "http://localhost:8000/users/profile/6229b705fc93632b82801d2c" "Mozilla/5.0 (X11; Linux x86_64) AppleWebKit/537.36 (KHTML, like Gecko) Chrome/97.0.4692.71 Safari/537.36"
::1 - - [11/Mar/2022:17:45:09 +0000] "GET /favicon.ico HTTP/1.1" 304 - "http://localhost:8000/users/friends/showFriends" "Mozilla/5.0 (X11; Linux x86_64) AppleWebKit/537.36 (KHTML, like Gecko) Chrome/97.0.4692.71 Safari/537.36"
::1 - - [11/Mar/2022:17:45:10 +0000] "GET /users/profile/6229b88dfc93632b82801eec HTTP/1.1" 200 8818 "http://localhost:8000/users/friends/showFriends" "Mozilla/5.0 (X11; Linux x86_64) AppleWebKit/537.36 (KHTML, like Gecko) Chrome/97.0.4692.71 Safari/537.36"
::1 - - [11/Mar/2022:17:45:10 +0000] "GET /favicon.ico HTTP/1.1" 304 - "http://localhost:8000/users/profile/6229b88dfc93632b82801eec" "Mozilla/5.0 (X11; Linux x86_64) AppleWebKit/537.36 (KHTML, like Gecko) Chrome/97.0.4692.71 Safari/537.36"
::1 - - [11/Mar/2022:17:45:12 +0000] "GET /users/friends/getFriends/6229b88dfc93632b82801eec HTTP/1.1" 304 - "http://localhost:8000/users/profile/6229b88dfc93632b82801eec" "Mozilla/5.0 (X11; Linux x86_64) AppleWebKit/537.36 (KHTML, like Gecko) Chrome/97.0.4692.71 Safari/537.36"
::1 - - [11/Mar/2022:17:45:14 +0000] "GET /users/friends/acceptRequest/6229b88dfc93632b82801eec HTTP/1.1" 302 82 "http://localhost:8000/users/profile/6229b88dfc93632b82801eec" "Mozilla/5.0 (X11; Linux x86_64) AppleWebKit/537.36 (KHTML, like Gecko) Chrome/97.0.4692.71 Safari/537.36"
::1 - - [11/Mar/2022:17:45:14 +0000] "GET /users/profile/6229b88dfc93632b82801eec HTTP/1.1" 200 9030 "http://localhost:8000/users/profile/6229b88dfc93632b82801eec" "Mozilla/5.0 (X11; Linux x86_64) AppleWebKit/537.36 (KHTML, like Gecko) Chrome/97.0.4692.71 Safari/537.36"
::1 - - [11/Mar/2022:17:46:43 +0000] "GET /users/friends/getFriends/6229b88dfc93632b82801eec HTTP/1.1" 304 - "http://localhost:8000/users/profile/6229b88dfc93632b82801eec" "Mozilla/5.0 (X11; Linux x86_64) AppleWebKit/537.36 (KHTML, like Gecko) Chrome/97.0.4692.71 Safari/537.36"
::1 - - [11/Mar/2022:17:46:43 +0000] "GET /users/friends/acceptRequest/6229b88dfc93632b82801eec HTTP/1.1" 302 82 "http://localhost:8000/users/profile/6229b88dfc93632b82801eec" "Mozilla/5.0 (X11; Linux x86_64) AppleWebKit/537.36 (KHTML, like Gecko) Chrome/97.0.4692.71 Safari/537.36"
::1 - - [11/Mar/2022:17:46:43 +0000] "GET /users/profile/6229b88dfc93632b82801eec HTTP/1.1" 304 - "http://localhost:8000/users/profile/6229b88dfc93632b82801eec" "Mozilla/5.0 (X11; Linux x86_64) AppleWebKit/537.36 (KHTML, like Gecko) Chrome/97.0.4692.71 Safari/537.36"
::1 - - [11/Mar/2022:17:46:44 +0000] "GET /users/friends/getFriends/6229b88dfc93632b82801eec HTTP/1.1" 304 - "http://localhost:8000/users/profile/6229b88dfc93632b82801eec" "Mozilla/5.0 (X11; Linux x86_64) AppleWebKit/537.36 (KHTML, like Gecko) Chrome/97.0.4692.71 Safari/537.36"
::1 - - [11/Mar/2022:17:46:44 +0000] "GET /users/friends/acceptRequest/6229b88dfc93632b82801eec HTTP/1.1" 302 82 "http://localhost:8000/users/profile/6229b88dfc93632b82801eec" "Mozilla/5.0 (X11; Linux x86_64) AppleWebKit/537.36 (KHTML, like Gecko) Chrome/97.0.4692.71 Safari/537.36"
::1 - - [11/Mar/2022:17:46:44 +0000] "GET /users/profile/6229b88dfc93632b82801eec HTTP/1.1" 304 - "http://localhost:8000/users/profile/6229b88dfc93632b82801eec" "Mozilla/5.0 (X11; Linux x86_64) AppleWebKit/537.36 (KHTML, like Gecko) Chrome/97.0.4692.71 Safari/537.36"
::1 - - [11/Mar/2022:17:46:45 +0000] "GET /users/friends/getFriends/6229b88dfc93632b82801eec HTTP/1.1" 304 - "http://localhost:8000/users/profile/6229b88dfc93632b82801eec" "Mozilla/5.0 (X11; Linux x86_64) AppleWebKit/537.36 (KHTML, like Gecko) Chrome/97.0.4692.71 Safari/537.36"
::1 - - [11/Mar/2022:17:46:46 +0000] "GET /users/friends/acceptRequest/6229b88dfc93632b82801eec HTTP/1.1" 302 82 "http://localhost:8000/users/profile/6229b88dfc93632b82801eec" "Mozilla/5.0 (X11; Linux x86_64) AppleWebKit/537.36 (KHTML, like Gecko) Chrome/97.0.4692.71 Safari/537.36"
::1 - - [11/Mar/2022:17:46:46 +0000] "GET /users/profile/6229b88dfc93632b82801eec HTTP/1.1" 304 - "http://localhost:8000/users/profile/6229b88dfc93632b82801eec" "Mozilla/5.0 (X11; Linux x86_64) AppleWebKit/537.36 (KHTML, like Gecko) Chrome/97.0.4692.71 Safari/537.36"
::1 - - [11/Mar/2022:17:59:26 +0000] "GET /users/profile/6229b88dfc93632b82801eec HTTP/1.1" 200 8818 "http://localhost:8000/users/friends/showFriends" "Mozilla/5.0 (X11; Linux x86_64) AppleWebKit/537.36 (KHTML, like Gecko) Chrome/97.0.4692.71 Safari/537.36"
::1 - - [11/Mar/2022:17:59:26 +0000] "GET /favicon.ico HTTP/1.1" 304 - "http://localhost:8000/users/profile/6229b88dfc93632b82801eec" "Mozilla/5.0 (X11; Linux x86_64) AppleWebKit/537.36 (KHTML, like Gecko) Chrome/97.0.4692.71 Safari/537.36"
::1 - - [11/Mar/2022:17:59:29 +0000] "GET /users/friends/getFriends/6229b88dfc93632b82801eec HTTP/1.1" 304 - "http://localhost:8000/users/profile/6229b88dfc93632b82801eec" "Mozilla/5.0 (X11; Linux x86_64) AppleWebKit/537.36 (KHTML, like Gecko) Chrome/97.0.4692.71 Safari/537.36"
::1 - - [11/Mar/2022:18:00:11 +0000] "GET /users/friends/acceptRequest/6229b88dfc93632b82801eec HTTP/1.1" 302 82 "http://localhost:8000/users/profile/6229b88dfc93632b82801eec" "Mozilla/5.0 (X11; Linux x86_64) AppleWebKit/537.36 (KHTML, like Gecko) Chrome/97.0.4692.71 Safari/537.36"
::1 - - [11/Mar/2022:18:00:11 +0000] "GET /users/profile/6229b88dfc93632b82801eec HTTP/1.1" 200 9030 "http://localhost:8000/users/profile/6229b88dfc93632b82801eec" "Mozilla/5.0 (X11; Linux x86_64) AppleWebKit/537.36 (KHTML, like Gecko) Chrome/97.0.4692.71 Safari/537.36"
::1 - - [11/Mar/2022:18:00:13 +0000] "GET /users/profile/6229b88dfc93632b82801eec HTTP/1.1" 200 8818 "http://localhost:8000/users/friends/showFriends" "Mozilla/5.0 (X11; Linux x86_64) AppleWebKit/537.36 (KHTML, like Gecko) Chrome/97.0.4692.71 Safari/537.36"
::1 - - [11/Mar/2022:18:00:13 +0000] "GET /favicon.ico HTTP/1.1" 304 - "http://localhost:8000/users/profile/6229b88dfc93632b82801eec" "Mozilla/5.0 (X11; Linux x86_64) AppleWebKit/537.36 (KHTML, like Gecko) Chrome/97.0.4692.71 Safari/537.36"
::1 - - [11/Mar/2022:18:02:34 +0000] "GET /users/profile/6229b88dfc93632b82801eec HTTP/1.1" 304 - "http://localhost:8000/users/friends/showFriends" "Mozilla/5.0 (X11; Linux x86_64) AppleWebKit/537.36 (KHTML, like Gecko) Chrome/97.0.4692.71 Safari/537.36"
::1 - - [11/Mar/2022:18:02:34 +0000] "GET /favicon.ico HTTP/1.1" 304 - "http://localhost:8000/users/profile/6229b88dfc93632b82801eec" "Mozilla/5.0 (X11; Linux x86_64) AppleWebKit/537.36 (KHTML, like Gecko) Chrome/97.0.4692.71 Safari/537.36"
::1 - - [11/Mar/2022:18:02:36 +0000] "GET /users/friends/getFriends/6229b88dfc93632b82801eec HTTP/1.1" 304 - "http://localhost:8000/users/profile/6229b88dfc93632b82801eec" "Mozilla/5.0 (X11; Linux x86_64) AppleWebKit/537.36 (KHTML, like Gecko) Chrome/97.0.4692.71 Safari/537.36"
::1 - - [11/Mar/2022:18:02:37 +0000] "GET /users/friends/acceptRequest/6229b88dfc93632b82801eec HTTP/1.1" 302 82 "http://localhost:8000/users/profile/6229b88dfc93632b82801eec" "Mozilla/5.0 (X11; Linux x86_64) AppleWebKit/537.36 (KHTML, like Gecko) Chrome/97.0.4692.71 Safari/537.36"
::1 - - [11/Mar/2022:18:02:37 +0000] "GET /users/profile/6229b88dfc93632b82801eec HTTP/1.1" 200 9030 "http://localhost:8000/users/profile/6229b88dfc93632b82801eec" "Mozilla/5.0 (X11; Linux x86_64) AppleWebKit/537.36 (KHTML, like Gecko) Chrome/97.0.4692.71 Safari/537.36"
::1 - - [11/Mar/2022:18:05:24 +0000] "GET /users/profile/6229b88dfc93632b82801eec HTTP/1.1" 200 8870 "http://localhost:8000/users/friends/showFriends" "Mozilla/5.0 (X11; Linux x86_64) AppleWebKit/537.36 (KHTML, like Gecko) Chrome/97.0.4692.71 Safari/537.36"
::1 - - [11/Mar/2022:18:05:24 +0000] "GET /js/profile.js HTTP/1.1" 304 - "http://localhost:8000/users/profile/6229b88dfc93632b82801eec" "Mozilla/5.0 (X11; Linux x86_64) AppleWebKit/537.36 (KHTML, like Gecko) Chrome/97.0.4692.71 Safari/537.36"
::1 - - [11/Mar/2022:18:05:25 +0000] "GET /favicon.ico HTTP/1.1" 304 - "http://localhost:8000/users/profile/6229b88dfc93632b82801eec" "Mozilla/5.0 (X11; Linux x86_64) AppleWebKit/537.36 (KHTML, like Gecko) Chrome/97.0.4692.71 Safari/537.36"
::1 - - [11/Mar/2022:18:05:26 +0000] "GET /users/friends/getFriends/6229b88dfc93632b82801eec HTTP/1.1" 304 - "http://localhost:8000/users/profile/6229b88dfc93632b82801eec" "Mozilla/5.0 (X11; Linux x86_64) AppleWebKit/537.36 (KHTML, like Gecko) Chrome/97.0.4692.71 Safari/537.36"
::1 - - [11/Mar/2022:18:05:26 +0000] "GET /favicon.ico HTTP/1.1" 304 - "http://localhost:8000/users/friends/getFriends/6229b88dfc93632b82801eec" "Mozilla/5.0 (X11; Linux x86_64) AppleWebKit/537.36 (KHTML, like Gecko) Chrome/97.0.4692.71 Safari/537.36"
::1 - - [11/Mar/2022:18:05:28 +0000] "GET /favicon.ico HTTP/1.1" 304 - "http://localhost:8000/users/profile/6229b88dfc93632b82801eec" "Mozilla/5.0 (X11; Linux x86_64) AppleWebKit/537.36 (KHTML, like Gecko) Chrome/97.0.4692.71 Safari/537.36"
::1 - - [11/Mar/2022:18:06:26 +0000] "GET /users/friends/getFriends/6229b88dfc93632b82801eec HTTP/1.1" 304 - "http://localhost:8000/users/profile/6229b88dfc93632b82801eec" "Mozilla/5.0 (X11; Linux x86_64) AppleWebKit/537.36 (KHTML, like Gecko) Chrome/97.0.4692.71 Safari/537.36"
::1 - - [11/Mar/2022:18:06:26 +0000] "GET /favicon.ico HTTP/1.1" 304 - "http://localhost:8000/users/friends/getFriends/6229b88dfc93632b82801eec" "Mozilla/5.0 (X11; Linux x86_64) AppleWebKit/537.36 (KHTML, like Gecko) Chrome/97.0.4692.71 Safari/537.36"
::1 - - [11/Mar/2022:18:06:28 +0000] "GET /favicon.ico HTTP/1.1" 304 - "http://localhost:8000/users/profile/6229b88dfc93632b82801eec" "Mozilla/5.0 (X11; Linux x86_64) AppleWebKit/537.36 (KHTML, like Gecko) Chrome/97.0.4692.71 Safari/537.36"
::1 - - [11/Mar/2022:18:06:33 +0000] "GET /users/profile/6229b88dfc93632b82801eec HTTP/1.1" 200 8818 "http://localhost:8000/users/friends/showFriends" "Mozilla/5.0 (X11; Linux x86_64) AppleWebKit/537.36 (KHTML, like Gecko) Chrome/97.0.4692.71 Safari/537.36"
::1 - - [11/Mar/2022:18:06:34 +0000] "GET /favicon.ico HTTP/1.1" 304 - "http://localhost:8000/users/profile/6229b88dfc93632b82801eec" "Mozilla/5.0 (X11; Linux x86_64) AppleWebKit/537.36 (KHTML, like Gecko) Chrome/97.0.4692.71 Safari/537.36"
::1 - - [11/Mar/2022:18:06:35 +0000] "GET /users/friends/getFriends/6229b88dfc93632b82801eec HTTP/1.1" 304 - "http://localhost:8000/users/profile/6229b88dfc93632b82801eec" "Mozilla/5.0 (X11; Linux x86_64) AppleWebKit/537.36 (KHTML, like Gecko) Chrome/97.0.4692.71 Safari/537.36"
[0mGET /users/logout [36m302[0m 4.080 ms - 68[0m
[0mGET /users/login [32m200[0m 3.630 ms - 1928[0m
[0mGET /favicon.ico [32m200[0m 1.366 ms - 472[0m
[0mGET /users/login [36m304[0m 1.185 ms - -[0m
[0mGET /favicon.ico [36m304[0m 1.764 ms - -[0m
[0mGET /users/login [36m304[0m 6.543 ms - -[0m
[0mGET /favicon.ico [36m304[0m 2.457 ms - -[0m
[0mPOST /users/create-session [36m302[0m 23.306 ms - 66[0m
[0mGET /users/feed [32m200[0m 21.469 ms - 3920[0m
[0mGET /favicon.ico [36m304[0m 1.570 ms - -[0m
[0mGET /users/profile/61df25616a5537ca8369b3d4 [32m200[0m 36.566 ms - 27555[0m
[0mGET /favicon.ico [36m304[0m 0.807 ms - -[0m
[0mGET /users/posts [32m200[0m 35.833 ms - 26208[0m
[0mGET /favicon.ico [36m304[0m 1.038 ms - -[0m
[0mGET /users/friends/showFriends [32m200[0m 12.219 ms - 4739[0m
[0mGET /favicon.ico [36m304[0m 1.034 ms - -[0m
[0mGET /users/profile/620a86de0f8571328e4f9599 [32m200[0m 7.667 ms - 4873[0m
[0mGET /favicon.ico [36m304[0m 0.717 ms - -[0m
[0mGET /users/friends/showFriends [36m304[0m 6.249 ms - -[0m
[0mGET /favicon.ico [36m304[0m 0.705 ms - -[0m
[0mGET /users/friends/suggestions [32m200[0m 12.505 ms - 5858[0m
[0mGET /favicon.ico [36m304[0m 0.806 ms - -[0m
[0mGET /users/profile/61f26878050474c8ecdb1973 [32m200[0m 19.792 ms - 4608[0m
[0mGET /favicon.ico [36m304[0m 0.712 ms - -[0m
[0mGET /users/friends/sendRequest/61f26878050474c8ecdb1973 [32m200[0m 15.351 ms - 925[0m
[0mGET /favicon.ico [36m304[0m 0.698 ms - -[0m
[0mGET /users/feed [32m200[0m 6.682 ms - 3711[0m
[0mGET /favicon.ico [36m304[0m 0.770 ms - -[0m
[0mGET /users/friends/showFriends [36m304[0m 7.085 ms - -[0m
[0mGET /favicon.ico [36m304[0m 1.102 ms - -[0m
[0mGET /users/friends/suggestions [32m200[0m 8.719 ms - 4870[0m
[0mGET /favicon.ico [36m304[0m 1.202 ms - -[0m
[0mGET /users/profile/61f6632357014236b2b5ce2a [32m200[0m 20.888 ms - 4608[0m
[0mGET /favicon.ico [36m304[0m 1.159 ms - -[0m
[0mGET /users/friends/sendRequest/61f6632357014236b2b5ce2a [32m200[0m 7.072 ms - 2056[0m
[0mGET /favicon.ico [36m304[0m 0.834 ms - -[0m
[0mGET /users/profile/620a8a54664a50841c8cb412 [32m200[0m 8.214 ms - 4607[0m
[0mGET /favicon.ico [36m304[0m 0.992 ms - -[0m
[0mGET /users/friends/sendRequest/620a8a54664a50841c8cb412 [32m200[0m 5.459 ms - 1999[0m
[0mGET /users/logout [36m302[0m 1.468 ms - 46[0m
[0mGET / [32m200[0m 24.888 ms - 18091[0m
[0mGET /favicon.ico [36m304[0m 0.607 ms - -[0m
[0mGET /users/login [36m304[0m 1.022 ms - -[0m
[0mGET /favicon.ico [36m304[0m 1.826 ms - -[0m
[0mPOST /users/create-session [36m302[0m 2.384 ms - 66[0m
[0mGET /users/feed [32m200[0m 18.797 ms - 9358[0m
[0mGET /favicon.ico [36m304[0m 1.596 ms - -[0m
[0mGET /users/friends/showFriends [32m200[0m 5.428 ms - 4801[0m
[0mGET /favicon.ico [36m304[0m 0.834 ms - -[0m
[0mGET /users/friends/requestsReceived [32m200[0m 7.211 ms - 4328[0m
[0mGET /favicon.ico [36m304[0m 0.931 ms - -[0m
[0mGET /users/friends/acceptRequest/61df25616a5537ca8369b3d4 [32m200[0m 42.942 ms - 16473[0m
[0mGET /users/friends/showFriends [32m200[0m 6.376 ms - 5776[0m
[0mGET /favicon.ico [36m304[0m 0.948 ms - -[0m
[0mGET /users/profile/61df25616a5537ca8369b3d4 [32m200[0m 23.001 ms - 26892[0m
[0mGET /favicon.ico [36m304[0m 0.789 ms - -[0m
[0mGET /users/friends/getFriends/61df25616a5537ca8369b3d4 [32m200[0m 7.000 ms - 2100[0m
[0mGET /users/friends/acceptRequest/61df25616a5537ca8369b3d4 [36m302[0m 5.383 ms - 82[0m
[0mGET /users/profile/61df25616a5537ca8369b3d4 [32m200[0m 18.352 ms - 27104[0m
[0mGET /users/friends/getFriends/61df25616a5537ca8369b3d4 [36m304[0m 9.245 ms - -[0m
[0mGET /users/friends/acceptRequest/61df25616a5537ca8369b3d4 [36m302[0m 5.902 ms - 82[0m
[0mGET /users/profile/61df25616a5537ca8369b3d4 [36m304[0m 20.017 ms - -[0m
[0mGET /users/friends/getFriends/61df25616a5537ca8369b3d4 [36m304[0m 7.660 ms - -[0m
[0mGET /users/friends/acceptRequest/61df25616a5537ca8369b3d4 [36m302[0m 7.038 ms - 82[0m
[0mGET /users/profile/61df25616a5537ca8369b3d4 [36m304[0m 24.225 ms - -[0m
[0mGET /users/friends/getFriends/61df25616a5537ca8369b3d4 [36m304[0m 5.869 ms - -[0m
[0mGET /users/friends/acceptRequest/61df25616a5537ca8369b3d4 [36m302[0m 4.942 ms - 82[0m
[0mGET /users/profile/61df25616a5537ca8369b3d4 [36m304[0m 18.602 ms - -[0m
[0mGET /users/friends/getFriends/61df25616a5537ca8369b3d4 [36m304[0m 8.142 ms - -[0m
[0mGET /users/friends/acceptRequest/61df25616a5537ca8369b3d4 [36m302[0m 5.757 ms - 82[0m
[0mGET /users/profile/61df25616a5537ca8369b3d4 [36m304[0m 16.611 ms - -[0m
[0mGET /users/friends/getFriends/61df25616a5537ca8369b3d4 [36m304[0m 6.739 ms - -[0m
[0mGET /users/friends/acceptRequest/61df25616a5537ca8369b3d4 [36m302[0m 6.697 ms - 82[0m
[0mGET /users/profile/61df25616a5537ca8369b3d4 [36m304[0m 17.252 ms - -[0m
[0mGET /users/friends/getFriends/61df25616a5537ca8369b3d4 [36m304[0m 6.065 ms - -[0m
[0mGET /users/friends/acceptRequest/61df25616a5537ca8369b3d4 [36m302[0m 5.894 ms - 82[0m
[0mGET /users/profile/61df25616a5537ca8369b3d4 [36m304[0m 22.531 ms - -[0m
[0mGET /users/friends/getFriends/61df25616a5537ca8369b3d4 [36m304[0m 5.929 ms - -[0m
[0mGET /users/friends/acceptRequest/61df25616a5537ca8369b3d4 [36m302[0m 5.377 ms - 82[0m
[0mGET /users/profile/61df25616a5537ca8369b3d4 [36m304[0m 23.356 ms - -[0m
[0mGET /users/profile/61df25616a5537ca8369b3d4 [32m200[0m 30.217 ms - 26892[0m
[0mGET /favicon.ico [36m304[0m 1.342 ms - -[0m
[0mGET /users/friends/getFriends/61df25616a5537ca8369b3d4 [36m304[0m 8.762 ms - -[0m
[0mGET /users/friends/acceptRequest/61df25616a5537ca8369b3d4 [32m200[0m 21.793 ms - 16457[0m
[0mGET /users/friends/getFriends/61df25616a5537ca8369b3d4 [36m304[0m 8.257 ms - -[0m
[0mGET /users/friends/acceptRequest/61df25616a5537ca8369b3d4 [36m304[0m 27.364 ms - -[0m
[0mGET /users/friends/getFriends/61df25616a5537ca8369b3d4 [36m304[0m 7.812 ms - -[0m
[0mGET /users/friends/acceptRequest/61df25616a5537ca8369b3d4 [36m304[0m 19.567 ms - -[0m
[0mGET /users/friends/getFriends/61df25616a5537ca8369b3d4 [36m304[0m 6.132 ms - -[0m
[0mGET /users/friends/acceptRequest/61df25616a5537ca8369b3d4 [36m304[0m 27.297 ms - -[0m
[0mGET /users/friends/removeFriend/61df25616a5537ca8369b3d4 [32m200[0m 29.547 ms - 107[0m
[0mGET /users/friends/removeFriend/61df25616a5537ca8369b3d4 [36m302[0m 6.980 ms - 82[0m
[0mGET /users/friends/removeFriend/61df25616a5537ca8369b3d4 [36m302[0m 4.187 ms - 82[0m
[0mGET /users/profile/61df25616a5537ca8369b3d4 [32m200[0m 20.229 ms - 4820[0m
[0mGET /users/friends/removeFriend/61df25616a5537ca8369b3d4 [36m302[0m 4.614 ms - 82[0m
[0mGET /users/profile/61df25616a5537ca8369b3d4 [32m200[0m 18.462 ms - 4608[0m
[0mGET /users/friends/removeFriend/61df25616a5537ca8369b3d4 [36m302[0m 8.887 ms - 82[0m
[0mGET /users/friends/removeFriend/61df25616a5537ca8369b3d4 [36m302[0m 9.643 ms - 82[0m
[0mGET /users/profile/61df25616a5537ca8369b3d4 [36m304[0m 21.172 ms - -[0m
[0mGET /users/friends/removeFriend/61df25616a5537ca8369b3d4 [36m302[0m 5.941 ms - 82[0m
[0mGET /users/profile/61df25616a5537ca8369b3d4 [32m200[0m 17.679 ms - 4820[0m
[0mGET /users/friends/removeFriend/61df25616a5537ca8369b3d4 [36m302[0m 5.784 ms - 82[0m
[0mGET /users/profile/61df25616a5537ca8369b3d4 [32m200[0m 16.090 ms - 4608[0m
[0mGET /users/friends/removeFriend/61df25616a5537ca8369b3d4 [36m302[0m 12.034 ms - 82[0m
[0mGET /users/profile/61df25616a5537ca8369b3d4 [32m200[0m 11.207 ms - 4820[0m
[0mGET /users/profile/61df25616a5537ca8369b3d4 [32m200[0m 11.203 ms - 4608[0m
[0mGET /users/profile/61df25616a5537ca8369b3d4 [36m304[0m 12.133 ms - -[0m
[0mGET /users/friends/acceptRequest/61df25616a5537ca8369b3d4 [32m200[0m 16.985 ms - 16275[0m
[0mGET /favicon.ico [36m304[0m 1.462 ms - -[0m
[0mGET /users/profile/61df25616a5537ca8369b3d4 [36m304[0m 29.827 ms - -[0m
[0mGET /favicon.ico [36m304[0m 1.646 ms - -[0m
[0mGET /users/profile/61df25616a5537ca8369b3d4 [36m304[0m 17.007 ms - -[0m
[0mGET /favicon.ico [36m304[0m 1.557 ms - -[0m
[0mGET / [32m200[0m 19.453 ms - 18091[0m
[0mGET /users/login [32m200[0m 2.276 ms - 1928[0m
[0mPOST /users/create-session [36m302[0m 4.402 ms - 66[0m
[0mGET /users/feed [32m200[0m 15.397 ms - 3920[0m
[0mGET /users/profile/61df25616a5537ca8369b3d4 [32m200[0m 25.464 ms - 27555[0m
[0mGET /users/friends/showFriends [32m200[0m 6.539 ms - 4739[0m
[0mGET /users/friends/requestsSent [32m200[0m 9.915 ms - 4838[0m
[0mGET /users/friends/requestsReceived [32m200[0m 7.235 ms - 2857[0m
[0mGET /users/friends/sendRequest/61df25616a5537ca8369b3d4 [32m200[0m 14.453 ms - 1287[0m
[0mGET /users/friends/requestsReceived [32m200[0m 5.979 ms - 4328[0m
[0mGET /users/friends/acceptRequest/61f6632357014236b2b5ce2a [32m200[0m 29.571 ms - 8373[0m
[0mGET /users/profile/61df25616a5537ca8369b3d4 [32m200[0m 18.069 ms - 26892[0m
[0mGET /favicon.ico [36m304[0m 0.709 ms - -[0m
[0mGET /users/friends/getFriends/61df25616a5537ca8369b3d4 [32m200[0m 7.399 ms - 2100[0m
[0mGET /users/friends/acceptRequest/61df25616a5537ca8369b3d4 [32m200[0m 21.814 ms - 16457[0m
[0mGET /users/friends/getFriends/61df25616a5537ca8369b3d4 [36m304[0m 8.685 ms - -[0m
[0mGET /users/friends/acceptRequest/61df25616a5537ca8369b3d4 [36m304[0m 22.609 ms - -[0m
[0mGET /users/friends/getFriends/61df25616a5537ca8369b3d4 [36m304[0m 7.673 ms - -[0m
[0mGET /users/friends/acceptRequest/61df25616a5537ca8369b3d4 [36m304[0m 19.443 ms - -[0m
[0mGET /users/friends/getFriends/61df25616a5537ca8369b3d4 [36m304[0m 6.695 ms - -[0m
[0mGET /users/friends/acceptRequest/61df25616a5537ca8369b3d4 [36m304[0m 18.895 ms - -[0m
[0mGET /users/friends/removeFriend/61df25616a5537ca8369b3d4 [32m200[0m 14.499 ms - 107[0m
[0mGET /users/friends/removeFriend/61df25616a5537ca8369b3d4 [36m302[0m 3.226 ms - 82[0m
[0mGET /users/friends/removeFriend/61df25616a5537ca8369b3d4 [36m302[0m 4.398 ms - 82[0m
[0mGET /users/profile/61df25616a5537ca8369b3d4 [32m200[0m 19.314 ms - 4820[0m
[0mGET /users/friends/removeFriend/61df25616a5537ca8369b3d4 [36m302[0m 5.969 ms - 82[0m
[0mGET /users/profile/61df25616a5537ca8369b3d4 [32m200[0m 23.276 ms - 4608[0m
[0mGET /users/friends/removeFriend/61df25616a5537ca8369b3d4 [36m302[0m 16.393 ms - 82[0m
[0mGET /users/friends/removeFriend/61df25616a5537ca8369b3d4 [36m302[0m 3.977 ms - 82[0m
[0mGET /users/profile/61df25616a5537ca8369b3d4 [32m200[0m 14.412 ms - 4820[0m
[0mGET /users/friends/removeFriend/61df25616a5537ca8369b3d4 [36m302[0m 4.797 ms - 82[0m
[0mGET /users/profile/61df25616a5537ca8369b3d4 [32m200[0m 16.279 ms - 4608[0m
[0mGET /users/friends/removeFriend/61df25616a5537ca8369b3d4 [36m302[0m 8.389 ms - 82[0m
[0mGET /users/friends/removeFriend/61df25616a5537ca8369b3d4 [36m302[0m 9.478 ms - 82[0m
[0mGET /users/profile/61df25616a5537ca8369b3d4 [36m304[0m 17.640 ms - -[0m
[0mGET /users/profile/61df25616a5537ca8369b3d4 [32m200[0m 11.373 ms - 4820[0m
[0mGET /users/profile/61df25616a5537ca8369b3d4 [32m200[0m 9.975 ms - 4608[0m
[0mGET /users/profile/61df25616a5537ca8369b3d4 [36m304[0m 10.199 ms - -[0m
[0mGET /users/friends/acceptRequest/61df25616a5537ca8369b3d4 [36m302[0m 3.255 ms - 46[0m
[0mGET / [36m302[0m 0.449 ms - 66[0m
[0mGET /users/feed [32m200[0m 13.507 ms - 9149[0m
[0mGET /favicon.ico [36m304[0m 1.337 ms - -[0m
[0mGET /users/friends/showFriends [32m200[0m 4.329 ms - 4801[0m
[0mGET /favicon.ico [36m304[0m 0.523 ms - -[0m
[0mGET /users/friends/suggestions [32m200[0m 6.833 ms - 5796[0m
[0mGET /users/profile/undefined [0m-[0m - ms - -[0m
[0mGET /favicon.ico [36m304[0m 0.865 ms - -[0m
[0mGET /users/profile/61df25616a5537ca8369b3d4 [36m304[0m 16.841 ms - -[0m
[0mGET /favicon.ico [36m304[0m 0.625 ms - -[0m
[0mGET /users/friends/sendRequest/61df25616a5537ca8369b3d4 [32m200[0m 7.143 ms - 1287[0m
[0mGET /users/friends/requestsReceived [36m304[0m 6.411 ms - -[0m
[0mGET /users/profile/61f6632357014236b2b5ce2a [32m200[0m 13.942 ms - 4823[0m
[0mGET /users/friends/acceptRequest/61f6632357014236b2b5ce2a [32m200[0m 20.860 ms - 8373[0m
[0mGET /users/friends/getFriends/61f6632357014236b2b5ce2a [32m200[0m 6.138 ms - 2902[0m
[0mGET /users/friends/acceptRequest/61f6632357014236b2b5ce2a [32m200[0m 19.704 ms - 8359[0m
[0mGET /users/friends/acceptRequest/61df25616a5537ca8369b3d4 [32m200[0m 14.257 ms - 16457[0m
[0mGET /favicon.ico [36m304[0m 0.631 ms - -[0m
[0mGET /users/profile/61df25616a5537ca8369b3d4 [32m200[0m 16.559 ms - 26892[0m
[0mGET /favicon.ico [36m304[0m 0.491 ms - -[0m
[0mGET /users/friends/showFriends/61df25616a5537ca8369b3d5 [32m200[0m 0.792 ms - 472[0m
[0mGET /favicon.ico [36m304[0m 0.866 ms - -[0m
[0mGET /users/friends/acceptRequest/61df25616a5537ca8369b3d4 [36m304[0m 17.126 ms - -[0m
[0mGET /favicon.ico [36m304[0m 0.757 ms - -[0m
