[0mGET /favicon.ico [36m304[0m 0.639 ms - -[0m
[0mGET /users/profile/61df25616a5537ca8369b3d4 [36m304[0m 14.154 ms - -[0m
[0mGET /favicon.ico [36m304[0m 0.644 ms - -[0m
[0mGET /users/friends/removeFriend/61df25616a5537ca8369b3d4 [32m200[0m 12.469 ms - 107[0m
[0mGET /users/friends/sendRequest/61df25616a5537ca8369b3d4 [32m200[0m 6.296 ms - 1287[0m
[0mGET /users/friends/withdrawRequest/61df25616a5537ca8369b3d4 [32m200[0m 6.219 ms - 1261[0m
[0mGET /users/friends/sendRequest/61df25616a5537ca8369b3d4 [32m200[0m 6.244 ms - 1287[0m
[0mGET /users/friends/withdrawRequest/61df25616a5537ca8369b3d4 [32m200[0m 6.774 ms - 1261[0m
[0mGET /users/friends/showFriends [36m304[0m 4.237 ms - -[0m
[0mGET /favicon.ico [36m304[0m 1.039 ms - -[0m
[0mGET /users/profile/620a8a54664a50841c8cb412 [32m200[0m 6.577 ms - 4872[0m
[0mGET /favicon.ico [36m304[0m 0.604 ms - -[0m
[0mGET /users/friends/showFriends [36m304[0m 4.650 ms - -[0m
[0mGET /favicon.ico [36m304[0m 1.814 ms - -[0m
[0mGET /users/profile/61f26878050474c8ecdb1973 [32m200[0m 12.887 ms - 11184[0m
[0mGET /favicon.ico [36m304[0m 0.640 ms - -[0m
[0mGET /users/friends/showFriends [36m304[0m 6.482 ms - -[0m
[0mGET /favicon.ico [36m304[0m 1.145 ms - -[0m
[0mGET /users/friends/suggestions [36m304[0m 9.831 ms - -[0m
[0mGET /favicon.ico [36m304[0m 0.599 ms - -[0m
[0mGET /users/profile/61df25616a5537ca8369b3d4 [32m200[0m 12.970 ms - 4608[0m
[0mGET /favicon.ico [36m304[0m 0.663 ms - -[0m
[0mGET /users/friends/sendRequest/61df25616a5537ca8369b3d4 [36m302[0m 3.985 ms - 46[0m
[0mGET / [36m302[0m 0.268 ms - 66[0m
[0mGET /users/feed [36m304[0m 10.297 ms - -[0m
[0mGET /favicon.ico [36m304[0m 1.018 ms - -[0m
[0mGET /users/friends/showFriends [36m304[0m 7.408 ms - -[0m
[0mGET /favicon.ico [36m304[0m 0.894 ms - -[0m
[0mGET /users/friends/suggestions [32m200[0m 4.021 ms - 4813[0m
[0mGET /favicon.ico [36m304[0m 0.594 ms - -[0m
[0mGET /users/friends/showFriends [36m304[0m 4.686 ms - -[0m
[0mGET /favicon.ico [36m304[0m 0.755 ms - -[0m
[0mGET /users/friends/requestsSent [32m200[0m 4.839 ms - 3841[0m
[0mGET /favicon.ico [36m304[0m 0.857 ms - -[0m
[0mGET /users/friends/requestsSent [36m304[0m 14.195 ms - -[0m
[0mGET /favicon.ico [36m304[0m 1.018 ms - -[0m
[0mGET /users/profile/61df25616a5537ca8369b3d4 [32m200[0m 25.612 ms - 4619[0m
[0mGET /favicon.ico [36m304[0m 1.593 ms - -[0m
[0mGET /users/friends/showFriends [36m304[0m 9.858 ms - -[0m
[0mGET /users/friends/requestsSent [36m304[0m 9.831 ms - -[0m
[0mGET /users/friends/requestsReceived [36m304[0m 11.312 ms - -[0m
[0mGET /users/friends/acceptRequest/61f6632357014236b2b5ce2a [32m200[0m 34.157 ms - 8373[0m
[0mGET /users/friends/showFriends [32m200[0m 8.323 ms - 5776[0m
[0mGET /favicon.ico [36m304[0m 0.634 ms - -[0m
[0mGET /users/profile/61df25616a5537ca8369b3d4 [32m200[0m 19.785 ms - 26892[0m
[0mGET /favicon.ico [36m304[0m 0.849 ms - -[0m
[0mGET /users/friends/acceptRequest/61df25616a5537ca8369b3d4 [36m302[0m 19.628 ms - 46[0m
[0mGET / [36m302[0m 0.509 ms - 66[0m
[0mGET /users/feed [32m200[0m 20.807 ms - 28614[0m
[0mGET /favicon.ico [36m304[0m 0.783 ms - -[0m
[0mGET /users/feed [36m304[0m 20.265 ms - -[0m
[0mGET /favicon.ico [36m304[0m 1.375 ms - -[0m
[0mGET /users/profile/61f6632357014236b2b5ce2a [32m200[0m 18.552 ms - 22898[0m
[0mGET /favicon.ico [36m304[0m 0.850 ms - -[0m
[0mGET /users/friends/showFriends [36m304[0m 5.333 ms - -[0m
[0mGET /favicon.ico [36m304[0m 1.138 ms - -[0m
[0mGET /users/friends/showFriends [36m304[0m 6.906 ms - -[0m
[0mGET /favicon.ico [36m304[0m 0.889 ms - -[0m
[0mGET /users/friends/suggestions [36m304[0m 6.926 ms - -[0m
[0mGET /favicon.ico [36m304[0m 0.889 ms - -[0m
[0mGET /users/feed [36m304[0m 17.751 ms - -[0m
[0mGET /favicon.ico [36m304[0m 0.715 ms - -[0m
[0mGET /users/feed [36m304[0m 18.839 ms - -[0m
[0mGET /favicon.ico [36m304[0m 0.867 ms - -[0m
[0mGET /users/feed [36m304[0m 20.034 ms - -[0m
[0mGET /favicon.ico [36m304[0m 0.663 ms - -[0m
